# Logfile created on 2012-01-09 09:19:06 +0700 by logger.rb/31641
I, [2012-01-09T09:20:36.916249 #1056]  INFO -- ["test_01_login"]: Open Edge Web page
I, [2012-01-09T09:20:43.383249 #1056]  INFO -- : Login with username:  and pwd: test
I, [2012-01-09T09:20:44.490249 #1056]  INFO -- [:test_01_login]: Test Case - Login with empty username: Passed
I, [2012-01-09T09:20:46.148249 #1056]  INFO -- [:test_02_login]: Test Case - Login with empty password: Passed
I, [2012-01-09T09:20:48.107249 #1056]  INFO -- [:test_03_login]: Test Case - Login with invalid password: Passed
I, [2012-01-09T09:20:50.058249 #1056]  INFO -- [:test_04_login]: Test Case - Login with invalid username: Passed
I, [2012-01-09T09:20:52.155249 #1056]  INFO -- [:test_05_login]: Test Case - Login with valid username and password: Passed
I, [2012-01-09T09:26:50.771480 #2780]  INFO -- ["test_01_login"]: Open Edge Web page
I, [2012-01-09T09:26:55.866989 #2780]  INFO -- : Login with username:  and pwd: test
I, [2012-01-09T09:26:56.781080 #2780]  INFO -- [:test_01_login]: Test Case - Login with empty username: Passed
E, [2012-01-09T09:26:57.459148 #2780] ERROR -- : undefined method `set_empty_password' for ParmLogin:Class (NoMethodError)
D:/EdgeWeb/EdgeWebPATs/PATs/Login/PAT.Login.rb:43:in `test_02_login'
C:/Ruby193/lib/ruby/1.9.1/minitest/unit.rb:949:in `run'
C:/Ruby193/lib/ruby/1.9.1/test/unit/testcase.rb:17:in `run'
C:/Ruby193/lib/ruby/1.9.1/minitest/unit.rb:787:in `block in _run_suite'
C:/Ruby193/lib/ruby/1.9.1/minitest/unit.rb:780:in `map'
C:/Ruby193/lib/ruby/1.9.1/minitest/unit.rb:780:in `_run_suite'
C:/Ruby193/lib/ruby/1.9.1/test/unit.rb:565:in `block in _run_suites'
C:/Ruby193/lib/ruby/1.9.1/test/unit.rb:563:in `each'
C:/Ruby193/lib/ruby/1.9.1/test/unit.rb:563:in `_run_suites'
C:/Ruby193/lib/ruby/1.9.1/minitest/unit.rb:746:in `_run_anything'
C:/Ruby193/lib/ruby/1.9.1/minitest/unit.rb:909:in `run_tests'
C:/Ruby193/lib/ruby/1.9.1/minitest/unit.rb:896:in `block in _run'
C:/Ruby193/lib/ruby/1.9.1/minitest/unit.rb:895:in `each'
C:/Ruby193/lib/ruby/1.9.1/minitest/unit.rb:895:in `_run'
C:/Ruby193/lib/ruby/1.9.1/minitest/unit.rb:884:in `run'
C:/Ruby193/lib/ruby/1.9.1/test/unit.rb:21:in `run'
C:/Ruby193/lib/ruby/1.9.1/test/unit.rb:326:in `block (2 levels) in autorun'
C:/Ruby193/lib/ruby/1.9.1/test/unit.rb:27:in `run_once'
C:/Ruby193/lib/ruby/1.9.1/test/unit.rb:325:in `block in autorun'
E, [2012-01-09T09:26:58.097212 #2780] ERROR -- : undefined method `set_invalid_password' for ParmLogin:Class (NoMethodError)
D:/EdgeWeb/EdgeWebPATs/PATs/Login/PAT.Login.rb:56:in `test_03_login'
C:/Ruby193/lib/ruby/1.9.1/minitest/unit.rb:949:in `run'
C:/Ruby193/lib/ruby/1.9.1/test/unit/testcase.rb:17:in `run'
C:/Ruby193/lib/ruby/1.9.1/minitest/unit.rb:787:in `block in _run_suite'
C:/Ruby193/lib/ruby/1.9.1/minitest/unit.rb:780:in `map'
C:/Ruby193/lib/ruby/1.9.1/minitest/unit.rb:780:in `_run_suite'
C:/Ruby193/lib/ruby/1.9.1/test/unit.rb:565:in `block in _run_suites'
C:/Ruby193/lib/ruby/1.9.1/test/unit.rb:563:in `each'
C:/Ruby193/lib/ruby/1.9.1/test/unit.rb:563:in `_run_suites'
C:/Ruby193/lib/ruby/1.9.1/minitest/unit.rb:746:in `_run_anything'
C:/Ruby193/lib/ruby/1.9.1/minitest/unit.rb:909:in `run_tests'
C:/Ruby193/lib/ruby/1.9.1/minitest/unit.rb:896:in `block in _run'
C:/Ruby193/lib/ruby/1.9.1/minitest/unit.rb:895:in `each'
C:/Ruby193/lib/ruby/1.9.1/minitest/unit.rb:895:in `_run'
C:/Ruby193/lib/ruby/1.9.1/minitest/unit.rb:884:in `run'
C:/Ruby193/lib/ruby/1.9.1/test/unit.rb:21:in `run'
C:/Ruby193/lib/ruby/1.9.1/test/unit.rb:326:in `block (2 levels) in autorun'
C:/Ruby193/lib/ruby/1.9.1/test/unit.rb:27:in `run_once'
C:/Ruby193/lib/ruby/1.9.1/test/unit.rb:325:in `block in autorun'
I, [2012-01-09T09:26:59.296332 #2780]  INFO -- : Login with username: tringuyen and pwd: test
I, [2012-01-09T09:27:00.494452 #2780]  INFO -- [:test_04_login]: Test Case - Login with invalid username: Passed
I, [2012-01-09T09:27:01.147517 #2780]  INFO -- : Login with username: test and pwd: test
I, [2012-01-09T09:27:02.446647 #2780]  INFO -- [:test_05_login]: Test Case - Login with valid username and password: Passed
I, [2012-01-09T09:27:57.075109 #4876]  INFO -- ["test_01_login"]: Open Edge Web page
I, [2012-01-09T09:28:02.216623 #4876]  INFO -- : Login with username:  and pwd: test
I, [2012-01-09T09:28:03.284730 #4876]  INFO -- [:test_01_login]: Test Case - Login with empty username: Passed
E, [2012-01-09T09:28:03.897791 #4876] ERROR -- : undefined method `set_empty_password' for ParmLogin:Class (NoMethodError)
D:/EdgeWeb/EdgeWebPATs/PATs/Login/PAT.Login.rb:43:in `test_02_login'
C:/Ruby193/lib/ruby/1.9.1/minitest/unit.rb:949:in `run'
C:/Ruby193/lib/ruby/1.9.1/test/unit/testcase.rb:17:in `run'
C:/Ruby193/lib/ruby/1.9.1/minitest/unit.rb:787:in `block in _run_suite'
C:/Ruby193/lib/ruby/1.9.1/minitest/unit.rb:780:in `map'
C:/Ruby193/lib/ruby/1.9.1/minitest/unit.rb:780:in `_run_suite'
C:/Ruby193/lib/ruby/1.9.1/test/unit.rb:565:in `block in _run_suites'
C:/Ruby193/lib/ruby/1.9.1/test/unit.rb:563:in `each'
C:/Ruby193/lib/ruby/1.9.1/test/unit.rb:563:in `_run_suites'
C:/Ruby193/lib/ruby/1.9.1/minitest/unit.rb:746:in `_run_anything'
C:/Ruby193/lib/ruby/1.9.1/minitest/unit.rb:909:in `run_tests'
C:/Ruby193/lib/ruby/1.9.1/minitest/unit.rb:896:in `block in _run'
C:/Ruby193/lib/ruby/1.9.1/minitest/unit.rb:895:in `each'
C:/Ruby193/lib/ruby/1.9.1/minitest/unit.rb:895:in `_run'
C:/Ruby193/lib/ruby/1.9.1/minitest/unit.rb:884:in `run'
C:/Ruby193/lib/ruby/1.9.1/test/unit.rb:21:in `run'
C:/Ruby193/lib/ruby/1.9.1/test/unit.rb:326:in `block (2 levels) in autorun'
C:/Ruby193/lib/ruby/1.9.1/test/unit.rb:27:in `run_once'
C:/Ruby193/lib/ruby/1.9.1/test/unit.rb:325:in `block in autorun'
E, [2012-01-09T09:28:04.591861 #4876] ERROR -- : undefined method `set_invalid_password' for ParmLogin:Class (NoMethodError)
D:/EdgeWeb/EdgeWebPATs/PATs/Login/PAT.Login.rb:56:in `test_03_login'
C:/Ruby193/lib/ruby/1.9.1/minitest/unit.rb:949:in `run'
C:/Ruby193/lib/ruby/1.9.1/test/unit/testcase.rb:17:in `run'
C:/Ruby193/lib/ruby/1.9.1/minitest/unit.rb:787:in `block in _run_suite'
C:/Ruby193/lib/ruby/1.9.1/minitest/unit.rb:780:in `map'
C:/Ruby193/lib/ruby/1.9.1/minitest/unit.rb:780:in `_run_suite'
C:/Ruby193/lib/ruby/1.9.1/test/unit.rb:565:in `block in _run_suites'
C:/Ruby193/lib/ruby/1.9.1/test/unit.rb:563:in `each'
C:/Ruby193/lib/ruby/1.9.1/test/unit.rb:563:in `_run_suites'
C:/Ruby193/lib/ruby/1.9.1/minitest/unit.rb:746:in `_run_anything'
C:/Ruby193/lib/ruby/1.9.1/minitest/unit.rb:909:in `run_tests'
C:/Ruby193/lib/ruby/1.9.1/minitest/unit.rb:896:in `block in _run'
C:/Ruby193/lib/ruby/1.9.1/minitest/unit.rb:895:in `each'
C:/Ruby193/lib/ruby/1.9.1/minitest/unit.rb:895:in `_run'
C:/Ruby193/lib/ruby/1.9.1/minitest/unit.rb:884:in `run'
C:/Ruby193/lib/ruby/1.9.1/test/unit.rb:21:in `run'
C:/Ruby193/lib/ruby/1.9.1/test/unit.rb:326:in `block (2 levels) in autorun'
C:/Ruby193/lib/ruby/1.9.1/test/unit.rb:27:in `run_once'
C:/Ruby193/lib/ruby/1.9.1/test/unit.rb:325:in `block in autorun'
I, [2012-01-09T09:28:05.793981 #4876]  INFO -- : Login with username: tringuyen and pwd: test
I, [2012-01-09T09:28:07.170119 #4876]  INFO -- [:test_04_login]: Test Case - Login with invalid username: Passed
I, [2012-01-09T09:28:07.813183 #4876]  INFO -- : Login with username: test and pwd: test
I, [2012-01-09T09:28:09.059308 #4876]  INFO -- [:test_05_login]: Test Case - Login with valid username and password: Passed
I, [2012-01-09T09:29:04.866122 #3392]  INFO -- ["test_01_login"]: Open Edge Web page
I, [2012-01-09T09:29:04.866122 #3392]  INFO -- : Login with username:  and pwd: test
I, [2012-01-09T09:29:05.836316 #3392]  INFO -- [:test_01_login]: Test Case - Login with empty username: Passed
E, [2012-01-09T09:29:06.494448 #3392] ERROR -- : undefined method `set_empty_password' for ParmLogin:Class (NoMethodError)
D:/EdgeWeb/EdgeWebPATs/PATs/Login/PAT.Login.rb:42:in `test_02_login'
C:/Ruby193/lib/ruby/1.9.1/minitest/unit.rb:949:in `run'
C:/Ruby193/lib/ruby/1.9.1/test/unit/testcase.rb:17:in `run'
C:/Ruby193/lib/ruby/1.9.1/minitest/unit.rb:787:in `block in _run_suite'
C:/Ruby193/lib/ruby/1.9.1/minitest/unit.rb:780:in `map'
C:/Ruby193/lib/ruby/1.9.1/minitest/unit.rb:780:in `_run_suite'
C:/Ruby193/lib/ruby/1.9.1/test/unit.rb:565:in `block in _run_suites'
C:/Ruby193/lib/ruby/1.9.1/test/unit.rb:563:in `each'
C:/Ruby193/lib/ruby/1.9.1/test/unit.rb:563:in `_run_suites'
C:/Ruby193/lib/ruby/1.9.1/minitest/unit.rb:746:in `_run_anything'
C:/Ruby193/lib/ruby/1.9.1/minitest/unit.rb:909:in `run_tests'
C:/Ruby193/lib/ruby/1.9.1/minitest/unit.rb:896:in `block in _run'
C:/Ruby193/lib/ruby/1.9.1/minitest/unit.rb:895:in `each'
C:/Ruby193/lib/ruby/1.9.1/minitest/unit.rb:895:in `_run'
C:/Ruby193/lib/ruby/1.9.1/minitest/unit.rb:884:in `run'
C:/Ruby193/lib/ruby/1.9.1/test/unit.rb:21:in `run'
C:/Ruby193/lib/ruby/1.9.1/test/unit.rb:326:in `block (2 levels) in autorun'
C:/Ruby193/lib/ruby/1.9.1/test/unit.rb:27:in `run_once'
C:/Ruby193/lib/ruby/1.9.1/test/unit.rb:325:in `block in autorun'
E, [2012-01-09T09:29:07.247598 #3392] ERROR -- : undefined method `set_invalid_password' for ParmLogin:Class (NoMethodError)
D:/EdgeWeb/EdgeWebPATs/PATs/Login/PAT.Login.rb:55:in `test_03_login'
C:/Ruby193/lib/ruby/1.9.1/minitest/unit.rb:949:in `run'
C:/Ruby193/lib/ruby/1.9.1/test/unit/testcase.rb:17:in `run'
C:/Ruby193/lib/ruby/1.9.1/minitest/unit.rb:787:in `block in _run_suite'
C:/Ruby193/lib/ruby/1.9.1/minitest/unit.rb:780:in `map'
C:/Ruby193/lib/ruby/1.9.1/minitest/unit.rb:780:in `_run_suite'
C:/Ruby193/lib/ruby/1.9.1/test/unit.rb:565:in `block in _run_suites'
C:/Ruby193/lib/ruby/1.9.1/test/unit.rb:563:in `each'
C:/Ruby193/lib/ruby/1.9.1/test/unit.rb:563:in `_run_suites'
C:/Ruby193/lib/ruby/1.9.1/minitest/unit.rb:746:in `_run_anything'
C:/Ruby193/lib/ruby/1.9.1/minitest/unit.rb:909:in `run_tests'
C:/Ruby193/lib/ruby/1.9.1/minitest/unit.rb:896:in `block in _run'
C:/Ruby193/lib/ruby/1.9.1/minitest/unit.rb:895:in `each'
C:/Ruby193/lib/ruby/1.9.1/minitest/unit.rb:895:in `_run'
C:/Ruby193/lib/ruby/1.9.1/minitest/unit.rb:884:in `run'
C:/Ruby193/lib/ruby/1.9.1/test/unit.rb:21:in `run'
C:/Ruby193/lib/ruby/1.9.1/test/unit.rb:326:in `block (2 levels) in autorun'
C:/Ruby193/lib/ruby/1.9.1/test/unit.rb:27:in `run_once'
C:/Ruby193/lib/ruby/1.9.1/test/unit.rb:325:in `block in autorun'
I, [2012-01-09T09:29:08.435836 #3392]  INFO -- : Login with username: tringuyen and pwd: test
I, [2012-01-09T09:29:09.643077 #3392]  INFO -- [:test_04_login]: Test Case - Login with invalid username: Passed
I, [2012-01-09T09:29:10.335216 #3392]  INFO -- : Login with username: test and pwd: test
I, [2012-01-09T09:29:11.681485 #3392]  INFO -- [:test_05_login]: Test Case - Login with valid username and password: Passed
I, [2012-01-09T09:30:07.551657 #6088]  INFO -- ["test_01_login"]: Open Edge Web page
I, [2012-01-09T09:30:07.551657 #6088]  INFO -- : Login with username:  and pwd: test
I, [2012-01-09T09:30:08.455837 #6088]  INFO -- [:test_01_login]: Test Case - Login with empty username: Passed
E, [2012-01-09T09:30:09.108968 #6088] ERROR -- : undefined method `set_empty_password' for ParmLogin:Class (NoMethodError)
D:/EdgeWeb/EdgeWebPATs/PATs/Login/PAT.Login.rb:42:in `test_02_login'
C:/Ruby193/lib/ruby/1.9.1/minitest/unit.rb:949:in `run'
C:/Ruby193/lib/ruby/1.9.1/test/unit/testcase.rb:17:in `run'
C:/Ruby193/lib/ruby/1.9.1/minitest/unit.rb:787:in `block in _run_suite'
C:/Ruby193/lib/ruby/1.9.1/minitest/unit.rb:780:in `map'
C:/Ruby193/lib/ruby/1.9.1/minitest/unit.rb:780:in `_run_suite'
C:/Ruby193/lib/ruby/1.9.1/test/unit.rb:565:in `block in _run_suites'
C:/Ruby193/lib/ruby/1.9.1/test/unit.rb:563:in `each'
C:/Ruby193/lib/ruby/1.9.1/test/unit.rb:563:in `_run_suites'
C:/Ruby193/lib/ruby/1.9.1/minitest/unit.rb:746:in `_run_anything'
C:/Ruby193/lib/ruby/1.9.1/minitest/unit.rb:909:in `run_tests'
C:/Ruby193/lib/ruby/1.9.1/minitest/unit.rb:896:in `block in _run'
C:/Ruby193/lib/ruby/1.9.1/minitest/unit.rb:895:in `each'
C:/Ruby193/lib/ruby/1.9.1/minitest/unit.rb:895:in `_run'
C:/Ruby193/lib/ruby/1.9.1/minitest/unit.rb:884:in `run'
C:/Ruby193/lib/ruby/1.9.1/test/unit.rb:21:in `run'
C:/Ruby193/lib/ruby/1.9.1/test/unit.rb:326:in `block (2 levels) in autorun'
C:/Ruby193/lib/ruby/1.9.1/test/unit.rb:27:in `run_once'
C:/Ruby193/lib/ruby/1.9.1/test/unit.rb:325:in `block in autorun'
E, [2012-01-09T09:30:09.723091 #6088] ERROR -- : undefined method `set_invalid_password' for ParmLogin:Class (NoMethodError)
D:/EdgeWeb/EdgeWebPATs/PATs/Login/PAT.Login.rb:55:in `test_03_login'
C:/Ruby193/lib/ruby/1.9.1/minitest/unit.rb:949:in `run'
C:/Ruby193/lib/ruby/1.9.1/test/unit/testcase.rb:17:in `run'
C:/Ruby193/lib/ruby/1.9.1/minitest/unit.rb:787:in `block in _run_suite'
C:/Ruby193/lib/ruby/1.9.1/minitest/unit.rb:780:in `map'
C:/Ruby193/lib/ruby/1.9.1/minitest/unit.rb:780:in `_run_suite'
C:/Ruby193/lib/ruby/1.9.1/test/unit.rb:565:in `block in _run_suites'
C:/Ruby193/lib/ruby/1.9.1/test/unit.rb:563:in `each'
C:/Ruby193/lib/ruby/1.9.1/test/unit.rb:563:in `_run_suites'
C:/Ruby193/lib/ruby/1.9.1/minitest/unit.rb:746:in `_run_anything'
C:/Ruby193/lib/ruby/1.9.1/minitest/unit.rb:909:in `run_tests'
C:/Ruby193/lib/ruby/1.9.1/minitest/unit.rb:896:in `block in _run'
C:/Ruby193/lib/ruby/1.9.1/minitest/unit.rb:895:in `each'
C:/Ruby193/lib/ruby/1.9.1/minitest/unit.rb:895:in `_run'
C:/Ruby193/lib/ruby/1.9.1/minitest/unit.rb:884:in `run'
C:/Ruby193/lib/ruby/1.9.1/test/unit.rb:21:in `run'
C:/Ruby193/lib/ruby/1.9.1/test/unit.rb:326:in `block (2 levels) in autorun'
C:/Ruby193/lib/ruby/1.9.1/test/unit.rb:27:in `run_once'
C:/Ruby193/lib/ruby/1.9.1/test/unit.rb:325:in `block in autorun'
I, [2012-01-09T09:30:10.911328 #6088]  INFO -- : Login with username: tringuyen and pwd: test
I, [2012-01-09T09:30:12.143575 #6088]  INFO -- [:test_04_login]: Test Case - Login with invalid username: Passed
I, [2012-01-09T09:30:12.824711 #6088]  INFO -- : Login with username: test and pwd: test
I, [2012-01-09T09:30:14.112969 #6088]  INFO -- [:test_05_login]: Test Case - Login with valid username and password: Passed
I, [2012-01-09T09:31:51.849512 #6868]  INFO -- ["test_01_login"]: Open Edge Web page
I, [2012-01-09T09:31:51.849512 #6868]  INFO -- : Login with username:  and pwd: test
I, [2012-01-09T09:31:52.761694 #6868]  INFO -- [:test_01_login]: Test Case - Login with empty username: Passed
I, [2012-01-09T09:31:55.195181 #6868]  INFO -- : Login with username: tringuyen and pwd: test
I, [2012-01-09T09:31:56.379418 #6868]  INFO -- [:test_04_login]: Test Case - Login with invalid username: Passed
I, [2012-01-09T09:31:57.043551 #6868]  INFO -- : Login with username: test and pwd: test
I, [2012-01-09T09:31:58.313805 #6868]  INFO -- [:test_05_login]: Test Case - Login with valid username and password: Passed
I, [2012-01-09T09:35:16.902083 #6960]  INFO -- ["test_01_login"]: Open Edge Web page
I, [2012-01-09T09:35:16.902083 #6960]  INFO -- : Login with username:  and pwd: test
I, [2012-01-09T09:35:17.806173 #6960]  INFO -- [:test_01_login]: Test Case - Login with empty username: Passed
I, [2012-01-09T09:35:18.440237 #6960]  INFO -- : Login with username: test and pwd: 
I, [2012-01-09T09:35:19.287321 #6960]  INFO -- [:test_02_login]: Test Case - Login with empty password: Passed
I, [2012-01-09T09:35:19.954388 #6960]  INFO -- : Login with username: test and pwd: invalid
I, [2012-01-09T09:35:21.244517 #6960]  INFO -- [:test_03_login]: Test Case - Login with invalid password: Passed
I, [2012-01-09T09:35:21.917584 #6960]  INFO -- : Login with username: tringuyen and pwd: test
I, [2012-01-09T09:35:23.147707 #6960]  INFO -- [:test_04_login]: Test Case - Login with invalid username: Passed
I, [2012-01-09T09:35:23.879781 #6960]  INFO -- : Login with username: test and pwd: test
I, [2012-01-09T09:35:25.141907 #6960]  INFO -- [:test_05_login]: Test Case - Login with valid username and password: Passed
I, [2012-01-09T17:44:57.199227 #6988]  INFO -- ["test_01_login"]: Open Edge Web page
I, [2012-01-09T17:44:57.199227 #6988]  INFO -- : Login with username:  and pwd: test
E, [2012-01-09T17:44:57.273234 #6988] ERROR -- : unable to locate element, using {:id=>"usernameTextBox", :tag_name=>"input or textarea", :type=>"(any text type)"} (Watir::Exception::UnknownObjectException)
C:/Ruby193/lib/ruby/gems/1.9.1/gems/watir-webdriver-0.4.1/lib/watir-webdriver/elements/element.rb:262:in `assert_exists'
C:/Ruby193/lib/ruby/gems/1.9.1/gems/watir-webdriver-0.4.1/lib/watir-webdriver/elements/text_field.rb:13:in `set'
D:/EdgeWeb/EdgeWebPATs/Pages/Pages.Login.rb:25:in `login_empty_username'
D:/EdgeWeb/EdgeWebPATs/PATs/Login/PAT.Login.rb:28:in `test_01_login'
C:/Ruby193/lib/ruby/1.9.1/minitest/unit.rb:949:in `run'
C:/Ruby193/lib/ruby/1.9.1/test/unit/testcase.rb:17:in `run'
C:/Ruby193/lib/ruby/1.9.1/minitest/unit.rb:787:in `block in _run_suite'
C:/Ruby193/lib/ruby/1.9.1/minitest/unit.rb:780:in `map'
C:/Ruby193/lib/ruby/1.9.1/minitest/unit.rb:780:in `_run_suite'
C:/Ruby193/lib/ruby/1.9.1/test/unit.rb:565:in `block in _run_suites'
C:/Ruby193/lib/ruby/1.9.1/test/unit.rb:563:in `each'
C:/Ruby193/lib/ruby/1.9.1/test/unit.rb:563:in `_run_suites'
C:/Ruby193/lib/ruby/1.9.1/minitest/unit.rb:746:in `_run_anything'
C:/Ruby193/lib/ruby/1.9.1/minitest/unit.rb:909:in `run_tests'
C:/Ruby193/lib/ruby/1.9.1/minitest/unit.rb:896:in `block in _run'
C:/Ruby193/lib/ruby/1.9.1/minitest/unit.rb:895:in `each'
C:/Ruby193/lib/ruby/1.9.1/minitest/unit.rb:895:in `_run'
C:/Ruby193/lib/ruby/1.9.1/minitest/unit.rb:884:in `run'
C:/Ruby193/lib/ruby/1.9.1/test/unit.rb:21:in `run'
C:/Ruby193/lib/ruby/1.9.1/test/unit.rb:326:in `block (2 levels) in autorun'
C:/Ruby193/lib/ruby/1.9.1/test/unit.rb:27:in `run_once'
C:/Ruby193/lib/ruby/1.9.1/test/unit.rb:325:in `block in autorun'
I, [2012-01-09T17:44:57.358242 #6988]  INFO -- : Login with username: test and pwd: 
E, [2012-01-09T17:44:57.431250 #6988] ERROR -- : unable to locate element, using {:id=>"usernameTextBox", :tag_name=>"input or textarea", :type=>"(any text type)"} (Watir::Exception::UnknownObjectException)
C:/Ruby193/lib/ruby/gems/1.9.1/gems/watir-webdriver-0.4.1/lib/watir-webdriver/elements/element.rb:262:in `assert_exists'
C:/Ruby193/lib/ruby/gems/1.9.1/gems/watir-webdriver-0.4.1/lib/watir-webdriver/elements/text_field.rb:13:in `set'
D:/EdgeWeb/EdgeWebPATs/Pages/Pages.Login.rb:36:in `login_empty_pass'
D:/EdgeWeb/EdgeWebPATs/PATs/Login/PAT.Login.rb:40:in `test_02_login'
C:/Ruby193/lib/ruby/1.9.1/minitest/unit.rb:949:in `run'
C:/Ruby193/lib/ruby/1.9.1/test/unit/testcase.rb:17:in `run'
C:/Ruby193/lib/ruby/1.9.1/minitest/unit.rb:787:in `block in _run_suite'
C:/Ruby193/lib/ruby/1.9.1/minitest/unit.rb:780:in `map'
C:/Ruby193/lib/ruby/1.9.1/minitest/unit.rb:780:in `_run_suite'
C:/Ruby193/lib/ruby/1.9.1/test/unit.rb:565:in `block in _run_suites'
C:/Ruby193/lib/ruby/1.9.1/test/unit.rb:563:in `each'
C:/Ruby193/lib/ruby/1.9.1/test/unit.rb:563:in `_run_suites'
C:/Ruby193/lib/ruby/1.9.1/minitest/unit.rb:746:in `_run_anything'
C:/Ruby193/lib/ruby/1.9.1/minitest/unit.rb:909:in `run_tests'
C:/Ruby193/lib/ruby/1.9.1/minitest/unit.rb:896:in `block in _run'
C:/Ruby193/lib/ruby/1.9.1/minitest/unit.rb:895:in `each'
C:/Ruby193/lib/ruby/1.9.1/minitest/unit.rb:895:in `_run'
C:/Ruby193/lib/ruby/1.9.1/minitest/unit.rb:884:in `run'
C:/Ruby193/lib/ruby/1.9.1/test/unit.rb:21:in `run'
C:/Ruby193/lib/ruby/1.9.1/test/unit.rb:326:in `block (2 levels) in autorun'
C:/Ruby193/lib/ruby/1.9.1/test/unit.rb:27:in `run_once'
C:/Ruby193/lib/ruby/1.9.1/test/unit.rb:325:in `block in autorun'
I, [2012-01-09T17:45:03.708877 #6988]  INFO -- : Login with username: test and pwd: invalid
E, [2012-01-09T17:45:03.807887 #6988] ERROR -- : unable to locate element, using {:id=>"usernameTextBox", :tag_name=>"input or textarea", :type=>"(any text type)"} (Watir::Exception::UnknownObjectException)
C:/Ruby193/lib/ruby/gems/1.9.1/gems/watir-webdriver-0.4.1/lib/watir-webdriver/elements/element.rb:262:in `assert_exists'
C:/Ruby193/lib/ruby/gems/1.9.1/gems/watir-webdriver-0.4.1/lib/watir-webdriver/elements/text_field.rb:13:in `set'
D:/EdgeWeb/EdgeWebPATs/Pages/Pages.Login.rb:47:in `login_invalid_pass'
D:/EdgeWeb/EdgeWebPATs/PATs/Login/PAT.Login.rb:52:in `test_03_login'
C:/Ruby193/lib/ruby/1.9.1/minitest/unit.rb:949:in `run'
C:/Ruby193/lib/ruby/1.9.1/test/unit/testcase.rb:17:in `run'
C:/Ruby193/lib/ruby/1.9.1/minitest/unit.rb:787:in `block in _run_suite'
C:/Ruby193/lib/ruby/1.9.1/minitest/unit.rb:780:in `map'
C:/Ruby193/lib/ruby/1.9.1/minitest/unit.rb:780:in `_run_suite'
C:/Ruby193/lib/ruby/1.9.1/test/unit.rb:565:in `block in _run_suites'
C:/Ruby193/lib/ruby/1.9.1/test/unit.rb:563:in `each'
C:/Ruby193/lib/ruby/1.9.1/test/unit.rb:563:in `_run_suites'
C:/Ruby193/lib/ruby/1.9.1/minitest/unit.rb:746:in `_run_anything'
C:/Ruby193/lib/ruby/1.9.1/minitest/unit.rb:909:in `run_tests'
C:/Ruby193/lib/ruby/1.9.1/minitest/unit.rb:896:in `block in _run'
C:/Ruby193/lib/ruby/1.9.1/minitest/unit.rb:895:in `each'
C:/Ruby193/lib/ruby/1.9.1/minitest/unit.rb:895:in `_run'
C:/Ruby193/lib/ruby/1.9.1/minitest/unit.rb:884:in `run'
C:/Ruby193/lib/ruby/1.9.1/test/unit.rb:21:in `run'
C:/Ruby193/lib/ruby/1.9.1/test/unit.rb:326:in `block (2 levels) in autorun'
C:/Ruby193/lib/ruby/1.9.1/test/unit.rb:27:in `run_once'
C:/Ruby193/lib/ruby/1.9.1/test/unit.rb:325:in `block in autorun'
I, [2012-01-09T17:45:43.400389 #3428]  INFO -- ["test_01_login"]: Open Edge Web page
I, [2012-01-09T17:45:43.401389 #3428]  INFO -- : Login with username:  and pwd: test
I, [2012-01-09T17:45:44.568389 #3428]  INFO -- [:test_01_login]: Test Case - Login with empty username: Passed
I, [2012-01-09T17:45:45.635389 #3428]  INFO -- : Login with username: test and pwd: 
I, [2012-01-09T17:45:46.507389 #3428]  INFO -- [:test_02_login]: Test Case - Login with empty password: Passed
I, [2012-01-09T17:45:47.148389 #3428]  INFO -- : Login with username: test and pwd: invalid
I, [2012-01-09T17:45:48.821389 #3428]  INFO -- [:test_03_login]: Test Case - Login with invalid password: Passed
I, [2012-01-09T17:45:49.564389 #3428]  INFO -- : Login with username: tringuyen and pwd: test
I, [2012-01-09T17:45:51.258389 #3428]  INFO -- [:test_04_login]: Test Case - Login with invalid username: Passed
I, [2012-01-09T17:45:52.058389 #3428]  INFO -- : Login with username: test and pwd: test
I, [2012-01-09T17:45:53.592389 #3428]  INFO -- [:test_05_login]: Test Case - Login with valid username and password: Passed
I, [2012-01-09T22:42:43.334605 #5248]  INFO -- : Login with username: test and pwd: 
E, [2012-01-09T22:42:43.354705 #5248] ERROR -- : undefined method `login_click' for #<A01Login:0x2b4f9a0> (NoMethodError)
D:/EdgeWeb/EdgeWebPATs/PATs/Login/PAT.Login.rb:41:in `test_02_login'
C:/Ruby193/lib/ruby/1.9.1/minitest/unit.rb:949:in `run'
C:/Ruby193/lib/ruby/1.9.1/test/unit/testcase.rb:17:in `run'
C:/Ruby193/lib/ruby/1.9.1/minitest/unit.rb:787:in `block in _run_suite'
C:/Ruby193/lib/ruby/1.9.1/minitest/unit.rb:780:in `map'
C:/Ruby193/lib/ruby/1.9.1/minitest/unit.rb:780:in `_run_suite'
C:/Ruby193/lib/ruby/1.9.1/test/unit.rb:565:in `block in _run_suites'
C:/Ruby193/lib/ruby/1.9.1/test/unit.rb:563:in `each'
C:/Ruby193/lib/ruby/1.9.1/test/unit.rb:563:in `_run_suites'
C:/Ruby193/lib/ruby/1.9.1/minitest/unit.rb:746:in `_run_anything'
C:/Ruby193/lib/ruby/1.9.1/minitest/unit.rb:909:in `run_tests'
C:/Ruby193/lib/ruby/1.9.1/minitest/unit.rb:896:in `block in _run'
C:/Ruby193/lib/ruby/1.9.1/minitest/unit.rb:895:in `each'
C:/Ruby193/lib/ruby/1.9.1/minitest/unit.rb:895:in `_run'
C:/Ruby193/lib/ruby/1.9.1/minitest/unit.rb:884:in `run'
C:/Ruby193/lib/ruby/1.9.1/test/unit.rb:21:in `run'
C:/Ruby193/lib/ruby/1.9.1/test/unit.rb:326:in `block (2 levels) in autorun'
C:/Ruby193/lib/ruby/1.9.1/test/unit.rb:27:in `run_once'
C:/Ruby193/lib/ruby/1.9.1/test/unit.rb:325:in `block in autorun'
I, [2012-01-09T22:42:44.015995 #5248]  INFO -- : Login with username: test and pwd: invalid
E, [2012-01-09T22:42:44.015995 #5248] ERROR -- : undefined method `login_click' for #<A01Login:0x2e7cbf8> (NoMethodError)
D:/EdgeWeb/EdgeWebPATs/PATs/Login/PAT.Login.rb:54:in `test_03_login'
C:/Ruby193/lib/ruby/1.9.1/minitest/unit.rb:949:in `run'
C:/Ruby193/lib/ruby/1.9.1/test/unit/testcase.rb:17:in `run'
C:/Ruby193/lib/ruby/1.9.1/minitest/unit.rb:787:in `block in _run_suite'
C:/Ruby193/lib/ruby/1.9.1/minitest/unit.rb:780:in `map'
C:/Ruby193/lib/ruby/1.9.1/minitest/unit.rb:780:in `_run_suite'
C:/Ruby193/lib/ruby/1.9.1/test/unit.rb:565:in `block in _run_suites'
C:/Ruby193/lib/ruby/1.9.1/test/unit.rb:563:in `each'
C:/Ruby193/lib/ruby/1.9.1/test/unit.rb:563:in `_run_suites'
C:/Ruby193/lib/ruby/1.9.1/minitest/unit.rb:746:in `_run_anything'
C:/Ruby193/lib/ruby/1.9.1/minitest/unit.rb:909:in `run_tests'
C:/Ruby193/lib/ruby/1.9.1/minitest/unit.rb:896:in `block in _run'
C:/Ruby193/lib/ruby/1.9.1/minitest/unit.rb:895:in `each'
C:/Ruby193/lib/ruby/1.9.1/minitest/unit.rb:895:in `_run'
C:/Ruby193/lib/ruby/1.9.1/minitest/unit.rb:884:in `run'
C:/Ruby193/lib/ruby/1.9.1/test/unit.rb:21:in `run'
C:/Ruby193/lib/ruby/1.9.1/test/unit.rb:326:in `block (2 levels) in autorun'
C:/Ruby193/lib/ruby/1.9.1/test/unit.rb:27:in `run_once'
C:/Ruby193/lib/ruby/1.9.1/test/unit.rb:325:in `block in autorun'
I, [2012-01-09T22:42:44.710450 #5248]  INFO -- : Login with username: tringuyen and pwd: test
E, [2012-01-09T22:42:44.710450 #5248] ERROR -- : undefined method `login_click' for #<A01Login:0x2e87890> (NoMethodError)
D:/EdgeWeb/EdgeWebPATs/PATs/Login/PAT.Login.rb:66:in `test_04_login'
C:/Ruby193/lib/ruby/1.9.1/minitest/unit.rb:949:in `run'
C:/Ruby193/lib/ruby/1.9.1/test/unit/testcase.rb:17:in `run'
C:/Ruby193/lib/ruby/1.9.1/minitest/unit.rb:787:in `block in _run_suite'
C:/Ruby193/lib/ruby/1.9.1/minitest/unit.rb:780:in `map'
C:/Ruby193/lib/ruby/1.9.1/minitest/unit.rb:780:in `_run_suite'
C:/Ruby193/lib/ruby/1.9.1/test/unit.rb:565:in `block in _run_suites'
C:/Ruby193/lib/ruby/1.9.1/test/unit.rb:563:in `each'
C:/Ruby193/lib/ruby/1.9.1/test/unit.rb:563:in `_run_suites'
C:/Ruby193/lib/ruby/1.9.1/minitest/unit.rb:746:in `_run_anything'
C:/Ruby193/lib/ruby/1.9.1/minitest/unit.rb:909:in `run_tests'
C:/Ruby193/lib/ruby/1.9.1/minitest/unit.rb:896:in `block in _run'
C:/Ruby193/lib/ruby/1.9.1/minitest/unit.rb:895:in `each'
C:/Ruby193/lib/ruby/1.9.1/minitest/unit.rb:895:in `_run'
C:/Ruby193/lib/ruby/1.9.1/minitest/unit.rb:884:in `run'
C:/Ruby193/lib/ruby/1.9.1/test/unit.rb:21:in `run'
C:/Ruby193/lib/ruby/1.9.1/test/unit.rb:326:in `block (2 levels) in autorun'
C:/Ruby193/lib/ruby/1.9.1/test/unit.rb:27:in `run_once'
C:/Ruby193/lib/ruby/1.9.1/test/unit.rb:325:in `block in autorun'
I, [2012-01-09T22:42:45.706405 #5248]  INFO -- : Login with username: test and pwd: test
E, [2012-01-09T22:42:45.706405 #5248] ERROR -- : undefined method `login_click' for #<A01Login:0x2a9c570> (NoMethodError)
D:/EdgeWeb/EdgeWebPATs/PATs/Login/PAT.Login.rb:78:in `test_05_login'
C:/Ruby193/lib/ruby/1.9.1/minitest/unit.rb:949:in `run'
C:/Ruby193/lib/ruby/1.9.1/test/unit/testcase.rb:17:in `run'
C:/Ruby193/lib/ruby/1.9.1/minitest/unit.rb:787:in `block in _run_suite'
C:/Ruby193/lib/ruby/1.9.1/minitest/unit.rb:780:in `map'
C:/Ruby193/lib/ruby/1.9.1/minitest/unit.rb:780:in `_run_suite'
C:/Ruby193/lib/ruby/1.9.1/test/unit.rb:565:in `block in _run_suites'
C:/Ruby193/lib/ruby/1.9.1/test/unit.rb:563:in `each'
C:/Ruby193/lib/ruby/1.9.1/test/unit.rb:563:in `_run_suites'
C:/Ruby193/lib/ruby/1.9.1/minitest/unit.rb:746:in `_run_anything'
C:/Ruby193/lib/ruby/1.9.1/minitest/unit.rb:909:in `run_tests'
C:/Ruby193/lib/ruby/1.9.1/minitest/unit.rb:896:in `block in _run'
C:/Ruby193/lib/ruby/1.9.1/minitest/unit.rb:895:in `each'
C:/Ruby193/lib/ruby/1.9.1/minitest/unit.rb:895:in `_run'
C:/Ruby193/lib/ruby/1.9.1/minitest/unit.rb:884:in `run'
C:/Ruby193/lib/ruby/1.9.1/test/unit.rb:21:in `run'
C:/Ruby193/lib/ruby/1.9.1/test/unit.rb:326:in `block (2 levels) in autorun'
C:/Ruby193/lib/ruby/1.9.1/test/unit.rb:27:in `run_once'
C:/Ruby193/lib/ruby/1.9.1/test/unit.rb:325:in `block in autorun'
I, [2012-01-09T22:57:08.874725 #5544]  INFO -- : Login with username: test and pwd: 
E, [2012-01-09T22:57:08.874725 #5544] ERROR -- : undefined method `login_click' for #<A01Login:0x2aef9a0> (NoMethodError)
D:/EdgeWeb/EdgeWebPATs/PATs/Login/PAT.Login.rb:41:in `test_02_login'
C:/Ruby193/lib/ruby/1.9.1/minitest/unit.rb:949:in `run'
C:/Ruby193/lib/ruby/1.9.1/test/unit/testcase.rb:17:in `run'
C:/Ruby193/lib/ruby/1.9.1/minitest/unit.rb:787:in `block in _run_suite'
C:/Ruby193/lib/ruby/1.9.1/minitest/unit.rb:780:in `map'
C:/Ruby193/lib/ruby/1.9.1/minitest/unit.rb:780:in `_run_suite'
C:/Ruby193/lib/ruby/1.9.1/test/unit.rb:565:in `block in _run_suites'
C:/Ruby193/lib/ruby/1.9.1/test/unit.rb:563:in `each'
C:/Ruby193/lib/ruby/1.9.1/test/unit.rb:563:in `_run_suites'
C:/Ruby193/lib/ruby/1.9.1/minitest/unit.rb:746:in `_run_anything'
C:/Ruby193/lib/ruby/1.9.1/minitest/unit.rb:909:in `run_tests'
C:/Ruby193/lib/ruby/1.9.1/minitest/unit.rb:896:in `block in _run'
C:/Ruby193/lib/ruby/1.9.1/minitest/unit.rb:895:in `each'
C:/Ruby193/lib/ruby/1.9.1/minitest/unit.rb:895:in `_run'
C:/Ruby193/lib/ruby/1.9.1/minitest/unit.rb:884:in `run'
C:/Ruby193/lib/ruby/1.9.1/test/unit.rb:21:in `run'
C:/Ruby193/lib/ruby/1.9.1/test/unit.rb:326:in `block (2 levels) in autorun'
C:/Ruby193/lib/ruby/1.9.1/test/unit.rb:27:in `run_once'
C:/Ruby193/lib/ruby/1.9.1/test/unit.rb:325:in `block in autorun'
I, [2012-01-09T22:57:09.500913 #5544]  INFO -- : Login with username: test and pwd: invalid
E, [2012-01-09T22:57:09.500913 #5544] ERROR -- : undefined method `login_click' for #<A01Login:0x2e1cbf8> (NoMethodError)
D:/EdgeWeb/EdgeWebPATs/PATs/Login/PAT.Login.rb:54:in `test_03_login'
C:/Ruby193/lib/ruby/1.9.1/minitest/unit.rb:949:in `run'
C:/Ruby193/lib/ruby/1.9.1/test/unit/testcase.rb:17:in `run'
C:/Ruby193/lib/ruby/1.9.1/minitest/unit.rb:787:in `block in _run_suite'
C:/Ruby193/lib/ruby/1.9.1/minitest/unit.rb:780:in `map'
C:/Ruby193/lib/ruby/1.9.1/minitest/unit.rb:780:in `_run_suite'
C:/Ruby193/lib/ruby/1.9.1/test/unit.rb:565:in `block in _run_suites'
C:/Ruby193/lib/ruby/1.9.1/test/unit.rb:563:in `each'
C:/Ruby193/lib/ruby/1.9.1/test/unit.rb:563:in `_run_suites'
C:/Ruby193/lib/ruby/1.9.1/minitest/unit.rb:746:in `_run_anything'
C:/Ruby193/lib/ruby/1.9.1/minitest/unit.rb:909:in `run_tests'
C:/Ruby193/lib/ruby/1.9.1/minitest/unit.rb:896:in `block in _run'
C:/Ruby193/lib/ruby/1.9.1/minitest/unit.rb:895:in `each'
C:/Ruby193/lib/ruby/1.9.1/minitest/unit.rb:895:in `_run'
C:/Ruby193/lib/ruby/1.9.1/minitest/unit.rb:884:in `run'
C:/Ruby193/lib/ruby/1.9.1/test/unit.rb:21:in `run'
C:/Ruby193/lib/ruby/1.9.1/test/unit.rb:326:in `block (2 levels) in autorun'
C:/Ruby193/lib/ruby/1.9.1/test/unit.rb:27:in `run_once'
C:/Ruby193/lib/ruby/1.9.1/test/unit.rb:325:in `block in autorun'
I, [2012-01-09T22:57:10.354168 #5544]  INFO -- : Login with username: tringuyen and pwd: test
E, [2012-01-09T22:57:10.354168 #5544] ERROR -- : undefined method `login_click' for #<A01Login:0x2e27890> (NoMethodError)
D:/EdgeWeb/EdgeWebPATs/PATs/Login/PAT.Login.rb:66:in `test_04_login'
C:/Ruby193/lib/ruby/1.9.1/minitest/unit.rb:949:in `run'
C:/Ruby193/lib/ruby/1.9.1/test/unit/testcase.rb:17:in `run'
C:/Ruby193/lib/ruby/1.9.1/minitest/unit.rb:787:in `block in _run_suite'
C:/Ruby193/lib/ruby/1.9.1/minitest/unit.rb:780:in `map'
C:/Ruby193/lib/ruby/1.9.1/minitest/unit.rb:780:in `_run_suite'
C:/Ruby193/lib/ruby/1.9.1/test/unit.rb:565:in `block in _run_suites'
C:/Ruby193/lib/ruby/1.9.1/test/unit.rb:563:in `each'
C:/Ruby193/lib/ruby/1.9.1/test/unit.rb:563:in `_run_suites'
C:/Ruby193/lib/ruby/1.9.1/minitest/unit.rb:746:in `_run_anything'
C:/Ruby193/lib/ruby/1.9.1/minitest/unit.rb:909:in `run_tests'
C:/Ruby193/lib/ruby/1.9.1/minitest/unit.rb:896:in `block in _run'
C:/Ruby193/lib/ruby/1.9.1/minitest/unit.rb:895:in `each'
C:/Ruby193/lib/ruby/1.9.1/minitest/unit.rb:895:in `_run'
C:/Ruby193/lib/ruby/1.9.1/minitest/unit.rb:884:in `run'
C:/Ruby193/lib/ruby/1.9.1/test/unit.rb:21:in `run'
C:/Ruby193/lib/ruby/1.9.1/test/unit.rb:326:in `block (2 levels) in autorun'
C:/Ruby193/lib/ruby/1.9.1/test/unit.rb:27:in `run_once'
C:/Ruby193/lib/ruby/1.9.1/test/unit.rb:325:in `block in autorun'
I, [2012-01-09T22:57:11.224429 #5544]  INFO -- : Login with username: test and pwd: test
E, [2012-01-09T22:57:11.224429 #5544] ERROR -- : undefined method `login_click' for #<A01Login:0x2a3c570> (NoMethodError)
D:/EdgeWeb/EdgeWebPATs/PATs/Login/PAT.Login.rb:78:in `test_05_login'
C:/Ruby193/lib/ruby/1.9.1/minitest/unit.rb:949:in `run'
C:/Ruby193/lib/ruby/1.9.1/test/unit/testcase.rb:17:in `run'
C:/Ruby193/lib/ruby/1.9.1/minitest/unit.rb:787:in `block in _run_suite'
C:/Ruby193/lib/ruby/1.9.1/minitest/unit.rb:780:in `map'
C:/Ruby193/lib/ruby/1.9.1/minitest/unit.rb:780:in `_run_suite'
C:/Ruby193/lib/ruby/1.9.1/test/unit.rb:565:in `block in _run_suites'
C:/Ruby193/lib/ruby/1.9.1/test/unit.rb:563:in `each'
C:/Ruby193/lib/ruby/1.9.1/test/unit.rb:563:in `_run_suites'
C:/Ruby193/lib/ruby/1.9.1/minitest/unit.rb:746:in `_run_anything'
C:/Ruby193/lib/ruby/1.9.1/minitest/unit.rb:909:in `run_tests'
C:/Ruby193/lib/ruby/1.9.1/minitest/unit.rb:896:in `block in _run'
C:/Ruby193/lib/ruby/1.9.1/minitest/unit.rb:895:in `each'
C:/Ruby193/lib/ruby/1.9.1/minitest/unit.rb:895:in `_run'
C:/Ruby193/lib/ruby/1.9.1/minitest/unit.rb:884:in `run'
C:/Ruby193/lib/ruby/1.9.1/test/unit.rb:21:in `run'
C:/Ruby193/lib/ruby/1.9.1/test/unit.rb:326:in `block (2 levels) in autorun'
C:/Ruby193/lib/ruby/1.9.1/test/unit.rb:27:in `run_once'
C:/Ruby193/lib/ruby/1.9.1/test/unit.rb:325:in `block in autorun'
I, [2012-01-09T22:59:11.629354 #4028]  INFO -- : Login with username: test and pwd: 
E, [2012-01-09T22:59:11.630354 #4028] ERROR -- : undefined method `login_click' for #<A01Login:0x32837b8> (NoMethodError)
D:/EdgeWeb/EdgeWebPATs/PATs/Login/PAT.Login.rb:41:in `test_02_login'
C:/Ruby193/lib/ruby/1.9.1/minitest/unit.rb:949:in `run'
C:/Ruby193/lib/ruby/1.9.1/test/unit/testcase.rb:17:in `run'
C:/Ruby193/lib/ruby/1.9.1/minitest/unit.rb:787:in `block in _run_suite'
C:/Ruby193/lib/ruby/1.9.1/minitest/unit.rb:780:in `map'
C:/Ruby193/lib/ruby/1.9.1/minitest/unit.rb:780:in `_run_suite'
C:/Ruby193/lib/ruby/1.9.1/test/unit.rb:565:in `block in _run_suites'
C:/Ruby193/lib/ruby/1.9.1/test/unit.rb:563:in `each'
C:/Ruby193/lib/ruby/1.9.1/test/unit.rb:563:in `_run_suites'
C:/Ruby193/lib/ruby/1.9.1/minitest/unit.rb:746:in `_run_anything'
C:/Ruby193/lib/ruby/1.9.1/minitest/unit.rb:909:in `run_tests'
C:/Ruby193/lib/ruby/1.9.1/minitest/unit.rb:896:in `block in _run'
C:/Ruby193/lib/ruby/1.9.1/minitest/unit.rb:895:in `each'
C:/Ruby193/lib/ruby/1.9.1/minitest/unit.rb:895:in `_run'
C:/Ruby193/lib/ruby/1.9.1/minitest/unit.rb:884:in `run'
C:/Ruby193/lib/ruby/1.9.1/test/unit.rb:21:in `run'
C:/Ruby193/lib/ruby/1.9.1/test/unit.rb:326:in `block (2 levels) in autorun'
C:/Ruby193/lib/ruby/1.9.1/test/unit.rb:27:in `run_once'
C:/Ruby193/lib/ruby/1.9.1/test/unit.rb:325:in `block in autorun'
C:/Ruby193/lib/ruby/gems/1.9.1/gems/ruby-debug-ide-0.4.17.beta8/lib/ruby-debug-ide.rb:127:in `debug_load'
C:/Ruby193/lib/ruby/gems/1.9.1/gems/ruby-debug-ide-0.4.17.beta8/lib/ruby-debug-ide.rb:127:in `debug_program'
C:/Ruby193/lib/ruby/gems/1.9.1/gems/ruby-debug-ide-0.4.17.beta8/bin/rdebug-ide:95:in `<top (required)>'
-e:1:in `load'
-e:1:in `<main>'
I, [2012-01-09T22:59:12.281484 #4028]  INFO -- : Login with username: test and pwd: invalid
E, [2012-01-09T22:59:12.281484 #4028] ERROR -- : undefined method `login_click' for #<A01Login:0x34e9cf0> (NoMethodError)
D:/EdgeWeb/EdgeWebPATs/PATs/Login/PAT.Login.rb:54:in `test_03_login'
C:/Ruby193/lib/ruby/1.9.1/minitest/unit.rb:949:in `run'
C:/Ruby193/lib/ruby/1.9.1/test/unit/testcase.rb:17:in `run'
C:/Ruby193/lib/ruby/1.9.1/minitest/unit.rb:787:in `block in _run_suite'
C:/Ruby193/lib/ruby/1.9.1/minitest/unit.rb:780:in `map'
C:/Ruby193/lib/ruby/1.9.1/minitest/unit.rb:780:in `_run_suite'
C:/Ruby193/lib/ruby/1.9.1/test/unit.rb:565:in `block in _run_suites'
C:/Ruby193/lib/ruby/1.9.1/test/unit.rb:563:in `each'
C:/Ruby193/lib/ruby/1.9.1/test/unit.rb:563:in `_run_suites'
C:/Ruby193/lib/ruby/1.9.1/minitest/unit.rb:746:in `_run_anything'
C:/Ruby193/lib/ruby/1.9.1/minitest/unit.rb:909:in `run_tests'
C:/Ruby193/lib/ruby/1.9.1/minitest/unit.rb:896:in `block in _run'
C:/Ruby193/lib/ruby/1.9.1/minitest/unit.rb:895:in `each'
C:/Ruby193/lib/ruby/1.9.1/minitest/unit.rb:895:in `_run'
C:/Ruby193/lib/ruby/1.9.1/minitest/unit.rb:884:in `run'
C:/Ruby193/lib/ruby/1.9.1/test/unit.rb:21:in `run'
C:/Ruby193/lib/ruby/1.9.1/test/unit.rb:326:in `block (2 levels) in autorun'
C:/Ruby193/lib/ruby/1.9.1/test/unit.rb:27:in `run_once'
C:/Ruby193/lib/ruby/1.9.1/test/unit.rb:325:in `block in autorun'
C:/Ruby193/lib/ruby/gems/1.9.1/gems/ruby-debug-ide-0.4.17.beta8/lib/ruby-debug-ide.rb:127:in `debug_load'
C:/Ruby193/lib/ruby/gems/1.9.1/gems/ruby-debug-ide-0.4.17.beta8/lib/ruby-debug-ide.rb:127:in `debug_program'
C:/Ruby193/lib/ruby/gems/1.9.1/gems/ruby-debug-ide-0.4.17.beta8/bin/rdebug-ide:95:in `<top (required)>'
-e:1:in `load'
-e:1:in `<main>'
I, [2012-01-09T22:59:13.169662 #4028]  INFO -- : Login with username: tringuyen and pwd: test
E, [2012-01-09T22:59:13.170662 #4028] ERROR -- : undefined method `login_click' for #<A01Login:0x34f1ca0> (NoMethodError)
D:/EdgeWeb/EdgeWebPATs/PATs/Login/PAT.Login.rb:66:in `test_04_login'
C:/Ruby193/lib/ruby/1.9.1/minitest/unit.rb:949:in `run'
C:/Ruby193/lib/ruby/1.9.1/test/unit/testcase.rb:17:in `run'
C:/Ruby193/lib/ruby/1.9.1/minitest/unit.rb:787:in `block in _run_suite'
C:/Ruby193/lib/ruby/1.9.1/minitest/unit.rb:780:in `map'
C:/Ruby193/lib/ruby/1.9.1/minitest/unit.rb:780:in `_run_suite'
C:/Ruby193/lib/ruby/1.9.1/test/unit.rb:565:in `block in _run_suites'
C:/Ruby193/lib/ruby/1.9.1/test/unit.rb:563:in `each'
C:/Ruby193/lib/ruby/1.9.1/test/unit.rb:563:in `_run_suites'
C:/Ruby193/lib/ruby/1.9.1/minitest/unit.rb:746:in `_run_anything'
C:/Ruby193/lib/ruby/1.9.1/minitest/unit.rb:909:in `run_tests'
C:/Ruby193/lib/ruby/1.9.1/minitest/unit.rb:896:in `block in _run'
C:/Ruby193/lib/ruby/1.9.1/minitest/unit.rb:895:in `each'
C:/Ruby193/lib/ruby/1.9.1/minitest/unit.rb:895:in `_run'
C:/Ruby193/lib/ruby/1.9.1/minitest/unit.rb:884:in `run'
C:/Ruby193/lib/ruby/1.9.1/test/unit.rb:21:in `run'
C:/Ruby193/lib/ruby/1.9.1/test/unit.rb:326:in `block (2 levels) in autorun'
C:/Ruby193/lib/ruby/1.9.1/test/unit.rb:27:in `run_once'
C:/Ruby193/lib/ruby/1.9.1/test/unit.rb:325:in `block in autorun'
C:/Ruby193/lib/ruby/gems/1.9.1/gems/ruby-debug-ide-0.4.17.beta8/lib/ruby-debug-ide.rb:127:in `debug_load'
C:/Ruby193/lib/ruby/gems/1.9.1/gems/ruby-debug-ide-0.4.17.beta8/lib/ruby-debug-ide.rb:127:in `debug_program'
C:/Ruby193/lib/ruby/gems/1.9.1/gems/ruby-debug-ide-0.4.17.beta8/bin/rdebug-ide:95:in `<top (required)>'
-e:1:in `load'
-e:1:in `<main>'
I, [2012-01-09T22:59:13.771782 #4028]  INFO -- : Login with username: test and pwd: test
E, [2012-01-09T22:59:13.771782 #4028] ERROR -- : undefined method `login_click' for #<A01Login:0x34f3578> (NoMethodError)
D:/EdgeWeb/EdgeWebPATs/PATs/Login/PAT.Login.rb:78:in `test_05_login'
C:/Ruby193/lib/ruby/1.9.1/minitest/unit.rb:949:in `run'
C:/Ruby193/lib/ruby/1.9.1/test/unit/testcase.rb:17:in `run'
C:/Ruby193/lib/ruby/1.9.1/minitest/unit.rb:787:in `block in _run_suite'
C:/Ruby193/lib/ruby/1.9.1/minitest/unit.rb:780:in `map'
C:/Ruby193/lib/ruby/1.9.1/minitest/unit.rb:780:in `_run_suite'
C:/Ruby193/lib/ruby/1.9.1/test/unit.rb:565:in `block in _run_suites'
C:/Ruby193/lib/ruby/1.9.1/test/unit.rb:563:in `each'
C:/Ruby193/lib/ruby/1.9.1/test/unit.rb:563:in `_run_suites'
C:/Ruby193/lib/ruby/1.9.1/minitest/unit.rb:746:in `_run_anything'
C:/Ruby193/lib/ruby/1.9.1/minitest/unit.rb:909:in `run_tests'
C:/Ruby193/lib/ruby/1.9.1/minitest/unit.rb:896:in `block in _run'
C:/Ruby193/lib/ruby/1.9.1/minitest/unit.rb:895:in `each'
C:/Ruby193/lib/ruby/1.9.1/minitest/unit.rb:895:in `_run'
C:/Ruby193/lib/ruby/1.9.1/minitest/unit.rb:884:in `run'
C:/Ruby193/lib/ruby/1.9.1/test/unit.rb:21:in `run'
C:/Ruby193/lib/ruby/1.9.1/test/unit.rb:326:in `block (2 levels) in autorun'
C:/Ruby193/lib/ruby/1.9.1/test/unit.rb:27:in `run_once'
C:/Ruby193/lib/ruby/1.9.1/test/unit.rb:325:in `block in autorun'
C:/Ruby193/lib/ruby/gems/1.9.1/gems/ruby-debug-ide-0.4.17.beta8/lib/ruby-debug-ide.rb:127:in `debug_load'
C:/Ruby193/lib/ruby/gems/1.9.1/gems/ruby-debug-ide-0.4.17.beta8/lib/ruby-debug-ide.rb:127:in `debug_program'
C:/Ruby193/lib/ruby/gems/1.9.1/gems/ruby-debug-ide-0.4.17.beta8/bin/rdebug-ide:95:in `<top (required)>'
-e:1:in `load'
-e:1:in `<main>'
I, [2012-01-09T23:04:58.417436 #6792]  INFO -- ["test_01_login"]: Open Edge Web page
I, [2012-01-09T23:05:52.330826 #6792]  INFO -- : Login with username:  and pwd: test
I, [2012-01-09T23:10:04.374169 #3352]  INFO -- ["test_01_login"]: Open Edge Web page
I, [2012-01-09T23:10:20.449169 #3352]  INFO -- : Login with username:  and pwd: test
E, [2012-01-09T23:10:36.396169 #3352] ERROR -- : undefined method `login_click' for #<A01Login:0x33732c0> (NoMethodError)
D:/EdgeWeb/EdgeWebPATs/PATs/Login/PAT.Login.rb:28:in `test_01_login'
C:/Ruby193/lib/ruby/1.9.1/minitest/unit.rb:949:in `run'
C:/Ruby193/lib/ruby/1.9.1/test/unit/testcase.rb:17:in `run'
C:/Ruby193/lib/ruby/1.9.1/minitest/unit.rb:787:in `block in _run_suite'
C:/Ruby193/lib/ruby/1.9.1/minitest/unit.rb:780:in `map'
C:/Ruby193/lib/ruby/1.9.1/minitest/unit.rb:780:in `_run_suite'
C:/Ruby193/lib/ruby/1.9.1/test/unit.rb:565:in `block in _run_suites'
C:/Ruby193/lib/ruby/1.9.1/test/unit.rb:563:in `each'
C:/Ruby193/lib/ruby/1.9.1/test/unit.rb:563:in `_run_suites'
C:/Ruby193/lib/ruby/1.9.1/minitest/unit.rb:746:in `_run_anything'
C:/Ruby193/lib/ruby/1.9.1/minitest/unit.rb:909:in `run_tests'
C:/Ruby193/lib/ruby/1.9.1/minitest/unit.rb:896:in `block in _run'
C:/Ruby193/lib/ruby/1.9.1/minitest/unit.rb:895:in `each'
C:/Ruby193/lib/ruby/1.9.1/minitest/unit.rb:895:in `_run'
C:/Ruby193/lib/ruby/1.9.1/minitest/unit.rb:884:in `run'
C:/Ruby193/lib/ruby/1.9.1/test/unit.rb:21:in `run'
C:/Ruby193/lib/ruby/1.9.1/test/unit.rb:326:in `block (2 levels) in autorun'
C:/Ruby193/lib/ruby/1.9.1/test/unit.rb:27:in `run_once'
C:/Ruby193/lib/ruby/1.9.1/test/unit.rb:325:in `block in autorun'
C:/Ruby193/lib/ruby/gems/1.9.1/gems/ruby-debug-ide-0.4.17.beta8/lib/ruby-debug-ide.rb:127:in `debug_load'
C:/Ruby193/lib/ruby/gems/1.9.1/gems/ruby-debug-ide-0.4.17.beta8/lib/ruby-debug-ide.rb:127:in `debug_program'
C:/Ruby193/lib/ruby/gems/1.9.1/gems/ruby-debug-ide-0.4.17.beta8/bin/rdebug-ide:95:in `<top (required)>'
-e:1:in `load'
-e:1:in `<main>'
I, [2012-01-09T23:10:58.154169 #3352]  INFO -- : Login with username: test and pwd: 
E, [2012-01-09T23:10:58.155169 #3352] ERROR -- : undefined method `login_click' for #<A01Login:0x30f46b0> (NoMethodError)
D:/EdgeWeb/EdgeWebPATs/PATs/Login/PAT.Login.rb:41:in `test_02_login'
C:/Ruby193/lib/ruby/1.9.1/minitest/unit.rb:949:in `run'
C:/Ruby193/lib/ruby/1.9.1/test/unit/testcase.rb:17:in `run'
C:/Ruby193/lib/ruby/1.9.1/minitest/unit.rb:787:in `block in _run_suite'
C:/Ruby193/lib/ruby/1.9.1/minitest/unit.rb:780:in `map'
C:/Ruby193/lib/ruby/1.9.1/minitest/unit.rb:780:in `_run_suite'
C:/Ruby193/lib/ruby/1.9.1/test/unit.rb:565:in `block in _run_suites'
C:/Ruby193/lib/ruby/1.9.1/test/unit.rb:563:in `each'
C:/Ruby193/lib/ruby/1.9.1/test/unit.rb:563:in `_run_suites'
C:/Ruby193/lib/ruby/1.9.1/minitest/unit.rb:746:in `_run_anything'
C:/Ruby193/lib/ruby/1.9.1/minitest/unit.rb:909:in `run_tests'
C:/Ruby193/lib/ruby/1.9.1/minitest/unit.rb:896:in `block in _run'
C:/Ruby193/lib/ruby/1.9.1/minitest/unit.rb:895:in `each'
C:/Ruby193/lib/ruby/1.9.1/minitest/unit.rb:895:in `_run'
C:/Ruby193/lib/ruby/1.9.1/minitest/unit.rb:884:in `run'
C:/Ruby193/lib/ruby/1.9.1/test/unit.rb:21:in `run'
C:/Ruby193/lib/ruby/1.9.1/test/unit.rb:326:in `block (2 levels) in autorun'
C:/Ruby193/lib/ruby/1.9.1/test/unit.rb:27:in `run_once'
C:/Ruby193/lib/ruby/1.9.1/test/unit.rb:325:in `block in autorun'
C:/Ruby193/lib/ruby/gems/1.9.1/gems/ruby-debug-ide-0.4.17.beta8/lib/ruby-debug-ide.rb:127:in `debug_load'
C:/Ruby193/lib/ruby/gems/1.9.1/gems/ruby-debug-ide-0.4.17.beta8/lib/ruby-debug-ide.rb:127:in `debug_program'
C:/Ruby193/lib/ruby/gems/1.9.1/gems/ruby-debug-ide-0.4.17.beta8/bin/rdebug-ide:95:in `<top (required)>'
-e:1:in `load'
-e:1:in `<main>'
I, [2012-01-09T23:12:20.381169 #2632]  INFO -- ["test_01_login"]: Open Edge Web page
I, [2012-01-09T23:12:20.381169 #2632]  INFO -- : Login with username:  and pwd: test
E, [2012-01-09T23:12:20.381169 #2632] ERROR -- : undefined method `login_click' for #<A01Login:0x37bb7d8> (NoMethodError)
D:/EdgeWeb/EdgeWebPATs/PATs/Login/PAT.Login.rb:28:in `test_01_login'
C:/Ruby193/lib/ruby/1.9.1/minitest/unit.rb:949:in `run'
C:/Ruby193/lib/ruby/1.9.1/test/unit/testcase.rb:17:in `run'
C:/Ruby193/lib/ruby/1.9.1/minitest/unit.rb:787:in `block in _run_suite'
C:/Ruby193/lib/ruby/1.9.1/minitest/unit.rb:780:in `map'
C:/Ruby193/lib/ruby/1.9.1/minitest/unit.rb:780:in `_run_suite'
C:/Ruby193/lib/ruby/1.9.1/test/unit.rb:565:in `block in _run_suites'
C:/Ruby193/lib/ruby/1.9.1/test/unit.rb:563:in `each'
C:/Ruby193/lib/ruby/1.9.1/test/unit.rb:563:in `_run_suites'
C:/Ruby193/lib/ruby/1.9.1/minitest/unit.rb:746:in `_run_anything'
C:/Ruby193/lib/ruby/1.9.1/minitest/unit.rb:909:in `run_tests'
C:/Ruby193/lib/ruby/1.9.1/minitest/unit.rb:896:in `block in _run'
C:/Ruby193/lib/ruby/1.9.1/minitest/unit.rb:895:in `each'
C:/Ruby193/lib/ruby/1.9.1/minitest/unit.rb:895:in `_run'
C:/Ruby193/lib/ruby/1.9.1/minitest/unit.rb:884:in `run'
C:/Ruby193/lib/ruby/1.9.1/test/unit.rb:21:in `run'
C:/Ruby193/lib/ruby/1.9.1/test/unit.rb:326:in `block (2 levels) in autorun'
C:/Ruby193/lib/ruby/1.9.1/test/unit.rb:27:in `run_once'
C:/Ruby193/lib/ruby/1.9.1/test/unit.rb:325:in `block in autorun'
I, [2012-01-09T23:12:20.986169 #2632]  INFO -- : Login with username: test and pwd: 
E, [2012-01-09T23:12:20.987169 #2632] ERROR -- : undefined method `login_click' for #<A01Login:0x306fd68> (NoMethodError)
D:/EdgeWeb/EdgeWebPATs/PATs/Login/PAT.Login.rb:41:in `test_02_login'
C:/Ruby193/lib/ruby/1.9.1/minitest/unit.rb:949:in `run'
C:/Ruby193/lib/ruby/1.9.1/test/unit/testcase.rb:17:in `run'
C:/Ruby193/lib/ruby/1.9.1/minitest/unit.rb:787:in `block in _run_suite'
C:/Ruby193/lib/ruby/1.9.1/minitest/unit.rb:780:in `map'
C:/Ruby193/lib/ruby/1.9.1/minitest/unit.rb:780:in `_run_suite'
C:/Ruby193/lib/ruby/1.9.1/test/unit.rb:565:in `block in _run_suites'
C:/Ruby193/lib/ruby/1.9.1/test/unit.rb:563:in `each'
C:/Ruby193/lib/ruby/1.9.1/test/unit.rb:563:in `_run_suites'
C:/Ruby193/lib/ruby/1.9.1/minitest/unit.rb:746:in `_run_anything'
C:/Ruby193/lib/ruby/1.9.1/minitest/unit.rb:909:in `run_tests'
C:/Ruby193/lib/ruby/1.9.1/minitest/unit.rb:896:in `block in _run'
C:/Ruby193/lib/ruby/1.9.1/minitest/unit.rb:895:in `each'
C:/Ruby193/lib/ruby/1.9.1/minitest/unit.rb:895:in `_run'
C:/Ruby193/lib/ruby/1.9.1/minitest/unit.rb:884:in `run'
C:/Ruby193/lib/ruby/1.9.1/test/unit.rb:21:in `run'
C:/Ruby193/lib/ruby/1.9.1/test/unit.rb:326:in `block (2 levels) in autorun'
C:/Ruby193/lib/ruby/1.9.1/test/unit.rb:27:in `run_once'
C:/Ruby193/lib/ruby/1.9.1/test/unit.rb:325:in `block in autorun'
I, [2012-01-09T23:12:21.646169 #2632]  INFO -- : Login with username: test and pwd: invalid
E, [2012-01-09T23:12:21.646169 #2632] ERROR -- : undefined method `login_click' for #<A01Login:0x3081b10> (NoMethodError)
D:/EdgeWeb/EdgeWebPATs/PATs/Login/PAT.Login.rb:54:in `test_03_login'
C:/Ruby193/lib/ruby/1.9.1/minitest/unit.rb:949:in `run'
C:/Ruby193/lib/ruby/1.9.1/test/unit/testcase.rb:17:in `run'
C:/Ruby193/lib/ruby/1.9.1/minitest/unit.rb:787:in `block in _run_suite'
C:/Ruby193/lib/ruby/1.9.1/minitest/unit.rb:780:in `map'
C:/Ruby193/lib/ruby/1.9.1/minitest/unit.rb:780:in `_run_suite'
C:/Ruby193/lib/ruby/1.9.1/test/unit.rb:565:in `block in _run_suites'
C:/Ruby193/lib/ruby/1.9.1/test/unit.rb:563:in `each'
C:/Ruby193/lib/ruby/1.9.1/test/unit.rb:563:in `_run_suites'
C:/Ruby193/lib/ruby/1.9.1/minitest/unit.rb:746:in `_run_anything'
C:/Ruby193/lib/ruby/1.9.1/minitest/unit.rb:909:in `run_tests'
C:/Ruby193/lib/ruby/1.9.1/minitest/unit.rb:896:in `block in _run'
C:/Ruby193/lib/ruby/1.9.1/minitest/unit.rb:895:in `each'
C:/Ruby193/lib/ruby/1.9.1/minitest/unit.rb:895:in `_run'
C:/Ruby193/lib/ruby/1.9.1/minitest/unit.rb:884:in `run'
C:/Ruby193/lib/ruby/1.9.1/test/unit.rb:21:in `run'
C:/Ruby193/lib/ruby/1.9.1/test/unit.rb:326:in `block (2 levels) in autorun'
C:/Ruby193/lib/ruby/1.9.1/test/unit.rb:27:in `run_once'
C:/Ruby193/lib/ruby/1.9.1/test/unit.rb:325:in `block in autorun'
I, [2012-01-09T23:12:22.510169 #2632]  INFO -- : Login with username: tringuyen and pwd: test
E, [2012-01-09T23:12:22.510169 #2632] ERROR -- : undefined method `login_click' for #<A01Login:0x2d5aed0> (NoMethodError)
D:/EdgeWeb/EdgeWebPATs/PATs/Login/PAT.Login.rb:66:in `test_04_login'
C:/Ruby193/lib/ruby/1.9.1/minitest/unit.rb:949:in `run'
C:/Ruby193/lib/ruby/1.9.1/test/unit/testcase.rb:17:in `run'
C:/Ruby193/lib/ruby/1.9.1/minitest/unit.rb:787:in `block in _run_suite'
C:/Ruby193/lib/ruby/1.9.1/minitest/unit.rb:780:in `map'
C:/Ruby193/lib/ruby/1.9.1/minitest/unit.rb:780:in `_run_suite'
C:/Ruby193/lib/ruby/1.9.1/test/unit.rb:565:in `block in _run_suites'
C:/Ruby193/lib/ruby/1.9.1/test/unit.rb:563:in `each'
C:/Ruby193/lib/ruby/1.9.1/test/unit.rb:563:in `_run_suites'
C:/Ruby193/lib/ruby/1.9.1/minitest/unit.rb:746:in `_run_anything'
C:/Ruby193/lib/ruby/1.9.1/minitest/unit.rb:909:in `run_tests'
C:/Ruby193/lib/ruby/1.9.1/minitest/unit.rb:896:in `block in _run'
C:/Ruby193/lib/ruby/1.9.1/minitest/unit.rb:895:in `each'
C:/Ruby193/lib/ruby/1.9.1/minitest/unit.rb:895:in `_run'
C:/Ruby193/lib/ruby/1.9.1/minitest/unit.rb:884:in `run'
C:/Ruby193/lib/ruby/1.9.1/test/unit.rb:21:in `run'
C:/Ruby193/lib/ruby/1.9.1/test/unit.rb:326:in `block (2 levels) in autorun'
C:/Ruby193/lib/ruby/1.9.1/test/unit.rb:27:in `run_once'
C:/Ruby193/lib/ruby/1.9.1/test/unit.rb:325:in `block in autorun'
I, [2012-01-09T23:12:23.425169 #2632]  INFO -- : Login with username: test and pwd: test
E, [2012-01-09T23:12:23.425169 #2632] ERROR -- : undefined method `login_click' for #<A01Login:0x2d69900> (NoMethodError)
D:/EdgeWeb/EdgeWebPATs/PATs/Login/PAT.Login.rb:78:in `test_05_login'
C:/Ruby193/lib/ruby/1.9.1/minitest/unit.rb:949:in `run'
C:/Ruby193/lib/ruby/1.9.1/test/unit/testcase.rb:17:in `run'
C:/Ruby193/lib/ruby/1.9.1/minitest/unit.rb:787:in `block in _run_suite'
C:/Ruby193/lib/ruby/1.9.1/minitest/unit.rb:780:in `map'
C:/Ruby193/lib/ruby/1.9.1/minitest/unit.rb:780:in `_run_suite'
C:/Ruby193/lib/ruby/1.9.1/test/unit.rb:565:in `block in _run_suites'
C:/Ruby193/lib/ruby/1.9.1/test/unit.rb:563:in `each'
C:/Ruby193/lib/ruby/1.9.1/test/unit.rb:563:in `_run_suites'
C:/Ruby193/lib/ruby/1.9.1/minitest/unit.rb:746:in `_run_anything'
C:/Ruby193/lib/ruby/1.9.1/minitest/unit.rb:909:in `run_tests'
C:/Ruby193/lib/ruby/1.9.1/minitest/unit.rb:896:in `block in _run'
C:/Ruby193/lib/ruby/1.9.1/minitest/unit.rb:895:in `each'
C:/Ruby193/lib/ruby/1.9.1/minitest/unit.rb:895:in `_run'
C:/Ruby193/lib/ruby/1.9.1/minitest/unit.rb:884:in `run'
C:/Ruby193/lib/ruby/1.9.1/test/unit.rb:21:in `run'
C:/Ruby193/lib/ruby/1.9.1/test/unit.rb:326:in `block (2 levels) in autorun'
C:/Ruby193/lib/ruby/1.9.1/test/unit.rb:27:in `run_once'
C:/Ruby193/lib/ruby/1.9.1/test/unit.rb:325:in `block in autorun'
I, [2012-01-09T23:17:49.969539 #7128]  INFO -- ["test_01_login"]: Open Edge Web page
I, [2012-01-09T23:17:49.969539 #7128]  INFO -- : Login with username:  and pwd: test
I, [2012-01-09T23:17:50.882997 #7128]  INFO -- [:test_01_login]: Test Case - Login with empty username: Passed
I, [2012-01-09T23:17:51.474235 #7128]  INFO -- : Login with username: test and pwd: 
I, [2012-01-09T23:17:52.326462 #7128]  INFO -- [:test_02_login]: Test Case - Login with empty password: Passed
I, [2012-01-09T23:17:52.973913 #7128]  INFO -- : Login with username: test and pwd: invalid
I, [2012-01-09T23:17:54.163416 #7128]  INFO -- [:test_03_login]: Test Case - Login with invalid password: Passed
I, [2012-01-09T23:17:54.832950 #7128]  INFO -- : Login with username: tringuyen and pwd: test
I, [2012-01-09T23:17:56.024461 #7128]  INFO -- [:test_04_login]: Test Case - Login with invalid username: Passed
I, [2012-01-09T23:17:56.651836 #7128]  INFO -- : Login with username: test and pwd: test
I, [2012-01-09T23:17:57.961795 #7128]  INFO -- [:test_05_login]: Test Case - Login with valid username and password: Passed
