# Logfile created on 2012-01-08 12:18:40 +0700 by logger.rb/31641
I, [2012-01-08T12:19:10.352428 #2664]  INFO -- ["test_01_login"]: Open Edge Web page
I, [2012-01-08T12:19:11.610680 #2664]  INFO -- : Login with username:  and pwd: test
E, [2012-01-08T12:19:11.724703 #2664] ERROR -- : unable to locate element, using {:id=>"usernameTextBox", :tag_name=>"input or textarea", :type=>"(any text type)"} (Watir::Exception::UnknownObjectException)
C:/Ruby193/lib/ruby/gems/1.9.1/gems/watir-webdriver-0.4.1/lib/watir-webdriver/elements/element.rb:262:in `assert_exists'
C:/Ruby193/lib/ruby/gems/1.9.1/gems/watir-webdriver-0.4.1/lib/watir-webdriver/elements/text_field.rb:13:in `set'
D:/EdgeWeb/EdgeWebPATs/Pages/Pages.Login.rb:25:in `login_empty_username'
D:/EdgeWeb/EdgeWebPATs/PATs/Login/PAT.Login.rb:29:in `test_01_login'
C:/Ruby193/lib/ruby/1.9.1/minitest/unit.rb:949:in `run'
C:/Ruby193/lib/ruby/1.9.1/test/unit/testcase.rb:17:in `run'
C:/Ruby193/lib/ruby/1.9.1/minitest/unit.rb:787:in `block in _run_suite'
C:/Ruby193/lib/ruby/1.9.1/minitest/unit.rb:780:in `map'
C:/Ruby193/lib/ruby/1.9.1/minitest/unit.rb:780:in `_run_suite'
C:/Ruby193/lib/ruby/1.9.1/test/unit.rb:565:in `block in _run_suites'
C:/Ruby193/lib/ruby/1.9.1/test/unit.rb:563:in `each'
C:/Ruby193/lib/ruby/1.9.1/test/unit.rb:563:in `_run_suites'
C:/Ruby193/lib/ruby/1.9.1/minitest/unit.rb:746:in `_run_anything'
C:/Ruby193/lib/ruby/1.9.1/minitest/unit.rb:909:in `run_tests'
C:/Ruby193/lib/ruby/1.9.1/minitest/unit.rb:896:in `block in _run'
C:/Ruby193/lib/ruby/1.9.1/minitest/unit.rb:895:in `each'
C:/Ruby193/lib/ruby/1.9.1/minitest/unit.rb:895:in `_run'
C:/Ruby193/lib/ruby/1.9.1/minitest/unit.rb:884:in `run'
C:/Ruby193/lib/ruby/1.9.1/test/unit.rb:21:in `run'
C:/Ruby193/lib/ruby/1.9.1/test/unit.rb:326:in `block (2 levels) in autorun'
C:/Ruby193/lib/ruby/1.9.1/test/unit.rb:27:in `run_once'
C:/Ruby193/lib/ruby/1.9.1/test/unit.rb:325:in `block in autorun'
I, [2012-01-08T12:19:58.797115 #1452]  INFO -- ["test_01_login"]: Open Edge Web page
E, [2012-01-08T12:20:58.802114 #1452] ERROR -- : Timeout::Error (Timeout::Error)
C:/Ruby193/lib/ruby/1.9.1/net/protocol.rb:146:in `rescue in rbuf_fill'
C:/Ruby193/lib/ruby/1.9.1/net/protocol.rb:140:in `rbuf_fill'
C:/Ruby193/lib/ruby/1.9.1/net/protocol.rb:122:in `readuntil'
C:/Ruby193/lib/ruby/1.9.1/net/protocol.rb:132:in `readline'
C:/Ruby193/lib/ruby/1.9.1/net/http.rb:2562:in `read_status_line'
C:/Ruby193/lib/ruby/1.9.1/net/http.rb:2551:in `read_new'
C:/Ruby193/lib/ruby/1.9.1/net/http.rb:1319:in `block in transport_request'
C:/Ruby193/lib/ruby/1.9.1/net/http.rb:1316:in `catch'
C:/Ruby193/lib/ruby/1.9.1/net/http.rb:1316:in `transport_request'
C:/Ruby193/lib/ruby/1.9.1/net/http.rb:1293:in `request'
C:/Ruby193/lib/ruby/1.9.1/net/http.rb:1286:in `block in request'
C:/Ruby193/lib/ruby/1.9.1/net/http.rb:745:in `start'
C:/Ruby193/lib/ruby/1.9.1/net/http.rb:1284:in `request'
C:/Ruby193/lib/ruby/gems/1.9.1/gems/selenium-webdriver-2.15.0/lib/selenium/webdriver/remote/http/default.rb:81:in `response_for'
C:/Ruby193/lib/ruby/gems/1.9.1/gems/selenium-webdriver-2.15.0/lib/selenium/webdriver/remote/http/default.rb:43:in `request'
C:/Ruby193/lib/ruby/gems/1.9.1/gems/selenium-webdriver-2.15.0/lib/selenium/webdriver/remote/http/common.rb:39:in `call'
C:/Ruby193/lib/ruby/gems/1.9.1/gems/selenium-webdriver-2.15.0/lib/selenium/webdriver/remote/bridge.rb:450:in `raw_execute'
C:/Ruby193/lib/ruby/gems/1.9.1/gems/selenium-webdriver-2.15.0/lib/selenium/webdriver/remote/bridge.rb:428:in `execute'
C:/Ruby193/lib/ruby/gems/1.9.1/gems/selenium-webdriver-2.15.0/lib/selenium/webdriver/remote/bridge.rb:99:in `get'
C:/Ruby193/lib/ruby/gems/1.9.1/gems/selenium-webdriver-2.15.0/lib/selenium/webdriver/common/navigation.rb:14:in `to'
C:/Ruby193/lib/ruby/gems/1.9.1/gems/watir-webdriver-0.4.1/lib/watir-webdriver/browser.rb:61:in `goto'
D:/EdgeWeb/EdgeWebPATs/Pages/Pages.Login.rb:7:in `goto_login_page'
D:/EdgeWeb/EdgeWebPATs/PATs/Login/PAT.Login.rb:26:in `test_01_login'
C:/Ruby193/lib/ruby/1.9.1/minitest/unit.rb:949:in `run'
C:/Ruby193/lib/ruby/1.9.1/test/unit/testcase.rb:17:in `run'
C:/Ruby193/lib/ruby/1.9.1/minitest/unit.rb:787:in `block in _run_suite'
C:/Ruby193/lib/ruby/1.9.1/minitest/unit.rb:780:in `map'
C:/Ruby193/lib/ruby/1.9.1/minitest/unit.rb:780:in `_run_suite'
C:/Ruby193/lib/ruby/1.9.1/test/unit.rb:565:in `block in _run_suites'
C:/Ruby193/lib/ruby/1.9.1/test/unit.rb:563:in `each'
C:/Ruby193/lib/ruby/1.9.1/test/unit.rb:563:in `_run_suites'
C:/Ruby193/lib/ruby/1.9.1/minitest/unit.rb:746:in `_run_anything'
C:/Ruby193/lib/ruby/1.9.1/minitest/unit.rb:909:in `run_tests'
C:/Ruby193/lib/ruby/1.9.1/minitest/unit.rb:896:in `block in _run'
C:/Ruby193/lib/ruby/1.9.1/minitest/unit.rb:895:in `each'
C:/Ruby193/lib/ruby/1.9.1/minitest/unit.rb:895:in `_run'
C:/Ruby193/lib/ruby/1.9.1/minitest/unit.rb:884:in `run'
C:/Ruby193/lib/ruby/1.9.1/test/unit.rb:21:in `run'
C:/Ruby193/lib/ruby/1.9.1/test/unit.rb:326:in `block (2 levels) in autorun'
C:/Ruby193/lib/ruby/1.9.1/test/unit.rb:27:in `run_once'
C:/Ruby193/lib/ruby/1.9.1/test/unit.rb:325:in `block in autorun'
I, [2012-01-08T12:21:44.856084 #1452]  INFO -- [:test_02_login]: Test Case - Login with empty password: Passed
I, [2012-01-08T12:21:46.837876 #1452]  INFO -- [:test_03_login]: Test Case - Login with invalid password: Passed
I, [2012-01-08T12:21:48.977732 #1452]  INFO -- [:test_04_login]: Test Case - Login with invalid username: Passed
I, [2012-01-08T12:53:59.378282 #8432]  INFO -- ["test_01_login"]: Open Edge Web page
I, [2012-01-08T12:54:20.602496 #8432]  INFO -- : Login with username:  and pwd: test
E, [2012-01-08T12:54:20.675500 #8432] ERROR -- : unable to locate element, using {:id=>"usernameTextBox", :tag_name=>"input or textarea", :type=>"(any text type)"} (Watir::Exception::UnknownObjectException)
C:/Ruby193/lib/ruby/gems/1.9.1/gems/watir-webdriver-0.4.1/lib/watir-webdriver/elements/element.rb:262:in `assert_exists'
C:/Ruby193/lib/ruby/gems/1.9.1/gems/watir-webdriver-0.4.1/lib/watir-webdriver/elements/text_field.rb:13:in `set'
D:/EdgeWeb/EdgeWebPATs/Pages/Pages.Login.rb:25:in `login_empty_username'
D:/EdgeWeb/EdgeWebPATs/PATs/Login/PAT.Login.rb:29:in `test_01_login'
C:/Ruby193/lib/ruby/1.9.1/minitest/unit.rb:949:in `run'
C:/Ruby193/lib/ruby/1.9.1/test/unit/testcase.rb:17:in `run'
C:/Ruby193/lib/ruby/1.9.1/minitest/unit.rb:787:in `block in _run_suite'
C:/Ruby193/lib/ruby/1.9.1/minitest/unit.rb:780:in `map'
C:/Ruby193/lib/ruby/1.9.1/minitest/unit.rb:780:in `_run_suite'
C:/Ruby193/lib/ruby/1.9.1/test/unit.rb:565:in `block in _run_suites'
C:/Ruby193/lib/ruby/1.9.1/test/unit.rb:563:in `each'
C:/Ruby193/lib/ruby/1.9.1/test/unit.rb:563:in `_run_suites'
C:/Ruby193/lib/ruby/1.9.1/minitest/unit.rb:746:in `_run_anything'
C:/Ruby193/lib/ruby/1.9.1/minitest/unit.rb:909:in `run_tests'
C:/Ruby193/lib/ruby/1.9.1/minitest/unit.rb:896:in `block in _run'
C:/Ruby193/lib/ruby/1.9.1/minitest/unit.rb:895:in `each'
C:/Ruby193/lib/ruby/1.9.1/minitest/unit.rb:895:in `_run'
C:/Ruby193/lib/ruby/1.9.1/minitest/unit.rb:884:in `run'
C:/Ruby193/lib/ruby/1.9.1/test/unit.rb:21:in `run'
C:/Ruby193/lib/ruby/1.9.1/test/unit.rb:326:in `block (2 levels) in autorun'
C:/Ruby193/lib/ruby/1.9.1/test/unit.rb:27:in `run_once'
C:/Ruby193/lib/ruby/1.9.1/test/unit.rb:325:in `block in autorun'
I, [2012-01-08T13:00:57.209796 #4884]  INFO -- ["test_01_login"]: Open Edge Web page
E, [2012-01-08T13:01:57.219502 #4884] ERROR -- : Timeout::Error (Timeout::Error)
C:/Ruby193/lib/ruby/1.9.1/net/protocol.rb:146:in `rescue in rbuf_fill'
C:/Ruby193/lib/ruby/1.9.1/net/protocol.rb:140:in `rbuf_fill'
C:/Ruby193/lib/ruby/1.9.1/net/protocol.rb:122:in `readuntil'
C:/Ruby193/lib/ruby/1.9.1/net/protocol.rb:132:in `readline'
C:/Ruby193/lib/ruby/1.9.1/net/http.rb:2562:in `read_status_line'
C:/Ruby193/lib/ruby/1.9.1/net/http.rb:2551:in `read_new'
C:/Ruby193/lib/ruby/1.9.1/net/http.rb:1319:in `block in transport_request'
C:/Ruby193/lib/ruby/1.9.1/net/http.rb:1316:in `catch'
C:/Ruby193/lib/ruby/1.9.1/net/http.rb:1316:in `transport_request'
C:/Ruby193/lib/ruby/1.9.1/net/http.rb:1293:in `request'
C:/Ruby193/lib/ruby/1.9.1/net/http.rb:1286:in `block in request'
C:/Ruby193/lib/ruby/1.9.1/net/http.rb:745:in `start'
C:/Ruby193/lib/ruby/1.9.1/net/http.rb:1284:in `request'
C:/Ruby193/lib/ruby/gems/1.9.1/gems/selenium-webdriver-2.15.0/lib/selenium/webdriver/remote/http/default.rb:81:in `response_for'
C:/Ruby193/lib/ruby/gems/1.9.1/gems/selenium-webdriver-2.15.0/lib/selenium/webdriver/remote/http/default.rb:43:in `request'
C:/Ruby193/lib/ruby/gems/1.9.1/gems/selenium-webdriver-2.15.0/lib/selenium/webdriver/remote/http/common.rb:39:in `call'
C:/Ruby193/lib/ruby/gems/1.9.1/gems/selenium-webdriver-2.15.0/lib/selenium/webdriver/remote/bridge.rb:450:in `raw_execute'
C:/Ruby193/lib/ruby/gems/1.9.1/gems/selenium-webdriver-2.15.0/lib/selenium/webdriver/remote/bridge.rb:428:in `execute'
C:/Ruby193/lib/ruby/gems/1.9.1/gems/selenium-webdriver-2.15.0/lib/selenium/webdriver/remote/bridge.rb:99:in `get'
C:/Ruby193/lib/ruby/gems/1.9.1/gems/selenium-webdriver-2.15.0/lib/selenium/webdriver/common/navigation.rb:14:in `to'
C:/Ruby193/lib/ruby/gems/1.9.1/gems/watir-webdriver-0.4.1/lib/watir-webdriver/browser.rb:61:in `goto'
D:/EdgeWeb/EdgeWebPATs/Pages/Pages.Login.rb:7:in `goto_login_page'
D:/EdgeWeb/EdgeWebPATs/PATs/Login/PAT.Login.rb:26:in `test_01_login'
C:/Ruby193/lib/ruby/1.9.1/minitest/unit.rb:949:in `run'
C:/Ruby193/lib/ruby/1.9.1/test/unit/testcase.rb:17:in `run'
C:/Ruby193/lib/ruby/1.9.1/minitest/unit.rb:787:in `block in _run_suite'
C:/Ruby193/lib/ruby/1.9.1/minitest/unit.rb:780:in `map'
C:/Ruby193/lib/ruby/1.9.1/minitest/unit.rb:780:in `_run_suite'
C:/Ruby193/lib/ruby/1.9.1/test/unit.rb:565:in `block in _run_suites'
C:/Ruby193/lib/ruby/1.9.1/test/unit.rb:563:in `each'
C:/Ruby193/lib/ruby/1.9.1/test/unit.rb:563:in `_run_suites'
C:/Ruby193/lib/ruby/1.9.1/minitest/unit.rb:746:in `_run_anything'
C:/Ruby193/lib/ruby/1.9.1/minitest/unit.rb:909:in `run_tests'
C:/Ruby193/lib/ruby/1.9.1/minitest/unit.rb:896:in `block in _run'
C:/Ruby193/lib/ruby/1.9.1/minitest/unit.rb:895:in `each'
C:/Ruby193/lib/ruby/1.9.1/minitest/unit.rb:895:in `_run'
C:/Ruby193/lib/ruby/1.9.1/minitest/unit.rb:884:in `run'
C:/Ruby193/lib/ruby/1.9.1/test/unit.rb:21:in `run'
C:/Ruby193/lib/ruby/1.9.1/test/unit.rb:326:in `block (2 levels) in autorun'
C:/Ruby193/lib/ruby/1.9.1/test/unit.rb:27:in `run_once'
C:/Ruby193/lib/ruby/1.9.1/test/unit.rb:325:in `block in autorun'
I, [2012-01-08T13:03:31.218202 #4884]  INFO -- [:test_03_login]: Test Case - Login with invalid password: Passed
I, [2012-01-08T13:03:33.433285 #4884]  INFO -- [:test_04_login]: Test Case - Login with invalid username: Passed
I, [2012-01-08T13:03:35.730557 #4884]  INFO -- [:test_05_login]: Test Case - Login with valid username and password: Passed
I, [2012-01-08T13:12:00.885935 #7408]  INFO -- [:test_04_login]: Test Case - Login with invalid username: Passed
I, [2012-01-08T13:12:03.217868 #7408]  INFO -- [:test_05_login]: Test Case - Login with valid username and password: Passed
