# Logfile created on 2012-01-10 00:04:08 +0700 by logger.rb/31641
I, [2012-01-10T00:04:52.053871 #6900]  INFO -- ["test_01_login"]: Open Edge Web page
I, [2012-01-10T00:04:52.053871 #6900]  INFO -- : Login with username:  and pwd: test
E, [2012-01-10T00:04:52.793093 #6900] ERROR -- : unable to locate element, using {:id=>"usernameTextBox", :tag_name=>"input or textarea", :type=>"(any text type)"} (Watir::Exception::UnknownObjectException)
C:/Ruby193/lib/ruby/gems/1.9.1/gems/watir-webdriver-0.4.1/lib/watir-webdriver/elements/element.rb:262:in `assert_exists'
C:/Ruby193/lib/ruby/gems/1.9.1/gems/watir-webdriver-0.4.1/lib/watir-webdriver/elements/text_field.rb:13:in `set'
D:/EdgeWeb/EdgeWebPATs/Pages/Pages.Login.rb:12:in `login_click'
D:/EdgeWeb/EdgeWebPATs/PATs/Login/PAT.Login.rb:29:in `test_01_login'
C:/Ruby193/lib/ruby/1.9.1/minitest/unit.rb:949:in `run'
C:/Ruby193/lib/ruby/1.9.1/test/unit/testcase.rb:17:in `run'
C:/Ruby193/lib/ruby/1.9.1/minitest/unit.rb:787:in `block in _run_suite'
C:/Ruby193/lib/ruby/1.9.1/minitest/unit.rb:780:in `map'
C:/Ruby193/lib/ruby/1.9.1/minitest/unit.rb:780:in `_run_suite'
C:/Ruby193/lib/ruby/1.9.1/test/unit.rb:565:in `block in _run_suites'
C:/Ruby193/lib/ruby/1.9.1/test/unit.rb:563:in `each'
C:/Ruby193/lib/ruby/1.9.1/test/unit.rb:563:in `_run_suites'
C:/Ruby193/lib/ruby/1.9.1/minitest/unit.rb:746:in `_run_anything'
C:/Ruby193/lib/ruby/1.9.1/minitest/unit.rb:909:in `run_tests'
C:/Ruby193/lib/ruby/1.9.1/minitest/unit.rb:896:in `block in _run'
C:/Ruby193/lib/ruby/1.9.1/minitest/unit.rb:895:in `each'
C:/Ruby193/lib/ruby/1.9.1/minitest/unit.rb:895:in `_run'
C:/Ruby193/lib/ruby/1.9.1/minitest/unit.rb:884:in `run'
C:/Ruby193/lib/ruby/1.9.1/test/unit.rb:21:in `run'
C:/Ruby193/lib/ruby/1.9.1/test/unit.rb:326:in `block (2 levels) in autorun'
C:/Ruby193/lib/ruby/1.9.1/test/unit.rb:27:in `run_once'
C:/Ruby193/lib/ruby/1.9.1/test/unit.rb:325:in `block in autorun'
I, [2012-01-10T00:04:52.861113 #6900]  INFO -- : Login with username: test and pwd: 
E, [2012-01-10T00:04:53.510308 #6900] ERROR -- : unable to locate element, using {:id=>"usernameTextBox", :tag_name=>"input or textarea", :type=>"(any text type)"} (Watir::Exception::UnknownObjectException)
C:/Ruby193/lib/ruby/gems/1.9.1/gems/watir-webdriver-0.4.1/lib/watir-webdriver/elements/element.rb:262:in `assert_exists'
C:/Ruby193/lib/ruby/gems/1.9.1/gems/watir-webdriver-0.4.1/lib/watir-webdriver/elements/text_field.rb:13:in `set'
D:/EdgeWeb/EdgeWebPATs/Pages/Pages.Login.rb:12:in `login_click'
D:/EdgeWeb/EdgeWebPATs/PATs/Login/PAT.Login.rb:42:in `test_02_login'
C:/Ruby193/lib/ruby/1.9.1/minitest/unit.rb:949:in `run'
C:/Ruby193/lib/ruby/1.9.1/test/unit/testcase.rb:17:in `run'
C:/Ruby193/lib/ruby/1.9.1/minitest/unit.rb:787:in `block in _run_suite'
C:/Ruby193/lib/ruby/1.9.1/minitest/unit.rb:780:in `map'
C:/Ruby193/lib/ruby/1.9.1/minitest/unit.rb:780:in `_run_suite'
C:/Ruby193/lib/ruby/1.9.1/test/unit.rb:565:in `block in _run_suites'
C:/Ruby193/lib/ruby/1.9.1/test/unit.rb:563:in `each'
C:/Ruby193/lib/ruby/1.9.1/test/unit.rb:563:in `_run_suites'
C:/Ruby193/lib/ruby/1.9.1/minitest/unit.rb:746:in `_run_anything'
C:/Ruby193/lib/ruby/1.9.1/minitest/unit.rb:909:in `run_tests'
C:/Ruby193/lib/ruby/1.9.1/minitest/unit.rb:896:in `block in _run'
C:/Ruby193/lib/ruby/1.9.1/minitest/unit.rb:895:in `each'
C:/Ruby193/lib/ruby/1.9.1/minitest/unit.rb:895:in `_run'
C:/Ruby193/lib/ruby/1.9.1/minitest/unit.rb:884:in `run'
C:/Ruby193/lib/ruby/1.9.1/test/unit.rb:21:in `run'
C:/Ruby193/lib/ruby/1.9.1/test/unit.rb:326:in `block (2 levels) in autorun'
C:/Ruby193/lib/ruby/1.9.1/test/unit.rb:27:in `run_once'
C:/Ruby193/lib/ruby/1.9.1/test/unit.rb:325:in `block in autorun'
I, [2012-01-10T00:04:53.627343 #6900]  INFO -- : Login with username: test and pwd: invalid
E, [2012-01-10T00:04:54.290542 #6900] ERROR -- : unable to locate element, using {:id=>"usernameTextBox", :tag_name=>"input or textarea", :type=>"(any text type)"} (Watir::Exception::UnknownObjectException)
C:/Ruby193/lib/ruby/gems/1.9.1/gems/watir-webdriver-0.4.1/lib/watir-webdriver/elements/element.rb:262:in `assert_exists'
C:/Ruby193/lib/ruby/gems/1.9.1/gems/watir-webdriver-0.4.1/lib/watir-webdriver/elements/text_field.rb:13:in `set'
D:/EdgeWeb/EdgeWebPATs/Pages/Pages.Login.rb:12:in `login_click'
D:/EdgeWeb/EdgeWebPATs/PATs/Login/PAT.Login.rb:55:in `test_03_login'
C:/Ruby193/lib/ruby/1.9.1/minitest/unit.rb:949:in `run'
C:/Ruby193/lib/ruby/1.9.1/test/unit/testcase.rb:17:in `run'
C:/Ruby193/lib/ruby/1.9.1/minitest/unit.rb:787:in `block in _run_suite'
C:/Ruby193/lib/ruby/1.9.1/minitest/unit.rb:780:in `map'
C:/Ruby193/lib/ruby/1.9.1/minitest/unit.rb:780:in `_run_suite'
C:/Ruby193/lib/ruby/1.9.1/test/unit.rb:565:in `block in _run_suites'
C:/Ruby193/lib/ruby/1.9.1/test/unit.rb:563:in `each'
C:/Ruby193/lib/ruby/1.9.1/test/unit.rb:563:in `_run_suites'
C:/Ruby193/lib/ruby/1.9.1/minitest/unit.rb:746:in `_run_anything'
C:/Ruby193/lib/ruby/1.9.1/minitest/unit.rb:909:in `run_tests'
C:/Ruby193/lib/ruby/1.9.1/minitest/unit.rb:896:in `block in _run'
C:/Ruby193/lib/ruby/1.9.1/minitest/unit.rb:895:in `each'
C:/Ruby193/lib/ruby/1.9.1/minitest/unit.rb:895:in `_run'
C:/Ruby193/lib/ruby/1.9.1/minitest/unit.rb:884:in `run'
C:/Ruby193/lib/ruby/1.9.1/test/unit.rb:21:in `run'
C:/Ruby193/lib/ruby/1.9.1/test/unit.rb:326:in `block (2 levels) in autorun'
C:/Ruby193/lib/ruby/1.9.1/test/unit.rb:27:in `run_once'
C:/Ruby193/lib/ruby/1.9.1/test/unit.rb:325:in `block in autorun'
I, [2012-01-10T00:04:54.346558 #6900]  INFO -- : Login with username: tringuyen and pwd: test
E, [2012-01-10T00:04:54.990752 #6900] ERROR -- : unable to locate element, using {:id=>"usernameTextBox", :tag_name=>"input or textarea", :type=>"(any text type)"} (Watir::Exception::UnknownObjectException)
C:/Ruby193/lib/ruby/gems/1.9.1/gems/watir-webdriver-0.4.1/lib/watir-webdriver/elements/element.rb:262:in `assert_exists'
C:/Ruby193/lib/ruby/gems/1.9.1/gems/watir-webdriver-0.4.1/lib/watir-webdriver/elements/text_field.rb:13:in `set'
D:/EdgeWeb/EdgeWebPATs/Pages/Pages.Login.rb:12:in `login_click'
D:/EdgeWeb/EdgeWebPATs/PATs/Login/PAT.Login.rb:67:in `test_04_login'
C:/Ruby193/lib/ruby/1.9.1/minitest/unit.rb:949:in `run'
C:/Ruby193/lib/ruby/1.9.1/test/unit/testcase.rb:17:in `run'
C:/Ruby193/lib/ruby/1.9.1/minitest/unit.rb:787:in `block in _run_suite'
C:/Ruby193/lib/ruby/1.9.1/minitest/unit.rb:780:in `map'
C:/Ruby193/lib/ruby/1.9.1/minitest/unit.rb:780:in `_run_suite'
C:/Ruby193/lib/ruby/1.9.1/test/unit.rb:565:in `block in _run_suites'
C:/Ruby193/lib/ruby/1.9.1/test/unit.rb:563:in `each'
C:/Ruby193/lib/ruby/1.9.1/test/unit.rb:563:in `_run_suites'
C:/Ruby193/lib/ruby/1.9.1/minitest/unit.rb:746:in `_run_anything'
C:/Ruby193/lib/ruby/1.9.1/minitest/unit.rb:909:in `run_tests'
C:/Ruby193/lib/ruby/1.9.1/minitest/unit.rb:896:in `block in _run'
C:/Ruby193/lib/ruby/1.9.1/minitest/unit.rb:895:in `each'
C:/Ruby193/lib/ruby/1.9.1/minitest/unit.rb:895:in `_run'
C:/Ruby193/lib/ruby/1.9.1/minitest/unit.rb:884:in `run'
C:/Ruby193/lib/ruby/1.9.1/test/unit.rb:21:in `run'
C:/Ruby193/lib/ruby/1.9.1/test/unit.rb:326:in `block (2 levels) in autorun'
C:/Ruby193/lib/ruby/1.9.1/test/unit.rb:27:in `run_once'
C:/Ruby193/lib/ruby/1.9.1/test/unit.rb:325:in `block in autorun'
I, [2012-01-10T00:04:55.046768 #6900]  INFO -- : Login with username: test and pwd: test
E, [2012-01-10T00:04:55.699964 #6900] ERROR -- : Unable to find element with xpath == .//input[(not(@type) or (@type!="file" and @type!="radio" and @type!="checkbox" and @type!="submit" and @type!="reset" and @type!="image" and @type!="button" and @type!="hidden" and @type!="datetime" and @type!="date" and @type!="month" and @type!="week" and @type!="time" and @type!="datetime-local" and @type!="range" and @type!="color")) and @id='usernameTextBox'] | .//textarea[@id='usernameTextBox'] (Selenium::WebDriver::Error::JavascriptError)
C:/Ruby193/lib/ruby/gems/1.9.1/gems/selenium-webdriver-2.15.0/lib/selenium/webdriver/remote/response.rb:50:in `assert_ok'
C:/Ruby193/lib/ruby/gems/1.9.1/gems/selenium-webdriver-2.15.0/lib/selenium/webdriver/remote/response.rb:15:in `initialize'
C:/Ruby193/lib/ruby/gems/1.9.1/gems/selenium-webdriver-2.15.0/lib/selenium/webdriver/remote/http/common.rb:58:in `new'
C:/Ruby193/lib/ruby/gems/1.9.1/gems/selenium-webdriver-2.15.0/lib/selenium/webdriver/remote/http/common.rb:58:in `create_response'
C:/Ruby193/lib/ruby/gems/1.9.1/gems/selenium-webdriver-2.15.0/lib/selenium/webdriver/remote/http/default.rb:64:in `request'
C:/Ruby193/lib/ruby/gems/1.9.1/gems/selenium-webdriver-2.15.0/lib/selenium/webdriver/remote/http/common.rb:39:in `call'
C:/Ruby193/lib/ruby/gems/1.9.1/gems/selenium-webdriver-2.15.0/lib/selenium/webdriver/remote/bridge.rb:450:in `raw_execute'
C:/Ruby193/lib/ruby/gems/1.9.1/gems/selenium-webdriver-2.15.0/lib/selenium/webdriver/remote/bridge.rb:428:in `execute'
C:/Ruby193/lib/ruby/gems/1.9.1/gems/selenium-webdriver-2.15.0/lib/selenium/webdriver/remote/bridge.rb:396:in `find_element_by'
C:/Ruby193/lib/ruby/gems/1.9.1/gems/selenium-webdriver-2.15.0/lib/selenium/webdriver/common/search_context.rb:42:in `find_element'
C:/Ruby193/lib/ruby/gems/1.9.1/gems/watir-webdriver-0.4.1/lib/watir-webdriver/locators/element_locator.rb:86:in `find_first_by_multiple'
C:/Ruby193/lib/ruby/gems/1.9.1/gems/watir-webdriver-0.4.1/lib/watir-webdriver/locators/element_locator.rb:33:in `locate'
C:/Ruby193/lib/ruby/gems/1.9.1/gems/watir-webdriver-0.4.1/lib/watir-webdriver/elements/text_field.rb:45:in `locate'
C:/Ruby193/lib/ruby/gems/1.9.1/gems/watir-webdriver-0.4.1/lib/watir-webdriver/elements/element.rb:259:in `assert_exists'
C:/Ruby193/lib/ruby/gems/1.9.1/gems/watir-webdriver-0.4.1/lib/watir-webdriver/elements/text_field.rb:13:in `set'
D:/EdgeWeb/EdgeWebPATs/Pages/Pages.Login.rb:12:in `login_click'
D:/EdgeWeb/EdgeWebPATs/PATs/Login/PAT.Login.rb:79:in `test_05_login'
C:/Ruby193/lib/ruby/1.9.1/minitest/unit.rb:949:in `run'
C:/Ruby193/lib/ruby/1.9.1/test/unit/testcase.rb:17:in `run'
C:/Ruby193/lib/ruby/1.9.1/minitest/unit.rb:787:in `block in _run_suite'
C:/Ruby193/lib/ruby/1.9.1/minitest/unit.rb:780:in `map'
C:/Ruby193/lib/ruby/1.9.1/minitest/unit.rb:780:in `_run_suite'
C:/Ruby193/lib/ruby/1.9.1/test/unit.rb:565:in `block in _run_suites'
C:/Ruby193/lib/ruby/1.9.1/test/unit.rb:563:in `each'
C:/Ruby193/lib/ruby/1.9.1/test/unit.rb:563:in `_run_suites'
C:/Ruby193/lib/ruby/1.9.1/minitest/unit.rb:746:in `_run_anything'
C:/Ruby193/lib/ruby/1.9.1/minitest/unit.rb:909:in `run_tests'
C:/Ruby193/lib/ruby/1.9.1/minitest/unit.rb:896:in `block in _run'
C:/Ruby193/lib/ruby/1.9.1/minitest/unit.rb:895:in `each'
C:/Ruby193/lib/ruby/1.9.1/minitest/unit.rb:895:in `_run'
C:/Ruby193/lib/ruby/1.9.1/minitest/unit.rb:884:in `run'
C:/Ruby193/lib/ruby/1.9.1/test/unit.rb:21:in `run'
C:/Ruby193/lib/ruby/1.9.1/test/unit.rb:326:in `block (2 levels) in autorun'
C:/Ruby193/lib/ruby/1.9.1/test/unit.rb:27:in `run_once'
C:/Ruby193/lib/ruby/1.9.1/test/unit.rb:325:in `block in autorun'
I, [2012-01-10T07:07:07.724781 #1208]  INFO -- ["test_01_login"]: Open Edge Web page
I, [2012-01-10T07:07:07.724781 #1208]  INFO -- : Login with username:  and pwd: test
E, [2012-01-10T07:07:08.564445 #1208] ERROR -- : unable to locate element, using {:id=>"usernameTextBox", :tag_name=>"input or textarea", :type=>"(any text type)"} (Watir::Exception::UnknownObjectException)
C:/Ruby193/lib/ruby/gems/1.9.1/gems/watir-webdriver-0.4.1/lib/watir-webdriver/elements/element.rb:262:in `assert_exists'
C:/Ruby193/lib/ruby/gems/1.9.1/gems/watir-webdriver-0.4.1/lib/watir-webdriver/elements/text_field.rb:13:in `set'
D:/EdgeWeb/EdgeWebPATs/Pages/Pages.Login.rb:12:in `login_click'
D:/EdgeWeb/EdgeWebPATs/PATs/Login/PAT.Login.rb:30:in `test_01_login'
C:/Ruby193/lib/ruby/1.9.1/minitest/unit.rb:949:in `run'
C:/Ruby193/lib/ruby/1.9.1/test/unit/testcase.rb:17:in `run'
C:/Ruby193/lib/ruby/1.9.1/minitest/unit.rb:787:in `block in _run_suite'
C:/Ruby193/lib/ruby/1.9.1/minitest/unit.rb:780:in `map'
C:/Ruby193/lib/ruby/1.9.1/minitest/unit.rb:780:in `_run_suite'
C:/Ruby193/lib/ruby/1.9.1/test/unit.rb:565:in `block in _run_suites'
C:/Ruby193/lib/ruby/1.9.1/test/unit.rb:563:in `each'
C:/Ruby193/lib/ruby/1.9.1/test/unit.rb:563:in `_run_suites'
C:/Ruby193/lib/ruby/1.9.1/minitest/unit.rb:746:in `_run_anything'
C:/Ruby193/lib/ruby/1.9.1/minitest/unit.rb:909:in `run_tests'
C:/Ruby193/lib/ruby/1.9.1/minitest/unit.rb:896:in `block in _run'
C:/Ruby193/lib/ruby/1.9.1/minitest/unit.rb:895:in `each'
C:/Ruby193/lib/ruby/1.9.1/minitest/unit.rb:895:in `_run'
C:/Ruby193/lib/ruby/1.9.1/minitest/unit.rb:884:in `run'
C:/Ruby193/lib/ruby/1.9.1/test/unit.rb:21:in `run'
C:/Ruby193/lib/ruby/1.9.1/test/unit.rb:326:in `block (2 levels) in autorun'
C:/Ruby193/lib/ruby/1.9.1/test/unit.rb:27:in `run_once'
C:/Ruby193/lib/ruby/1.9.1/test/unit.rb:325:in `block in autorun'
I, [2012-01-10T07:07:08.735376 #1208]  INFO -- : Login with username: test and pwd: 
E, [2012-01-10T07:07:09.674001 #1208] ERROR -- : unable to locate element, using {:id=>"usernameTextBox", :tag_name=>"input or textarea", :type=>"(any text type)"} (Watir::Exception::UnknownObjectException)
C:/Ruby193/lib/ruby/gems/1.9.1/gems/watir-webdriver-0.4.1/lib/watir-webdriver/elements/element.rb:262:in `assert_exists'
C:/Ruby193/lib/ruby/gems/1.9.1/gems/watir-webdriver-0.4.1/lib/watir-webdriver/elements/text_field.rb:13:in `set'
D:/EdgeWeb/EdgeWebPATs/Pages/Pages.Login.rb:12:in `login_click'
D:/EdgeWeb/EdgeWebPATs/PATs/Login/PAT.Login.rb:43:in `test_02_login'
C:/Ruby193/lib/ruby/1.9.1/minitest/unit.rb:949:in `run'
C:/Ruby193/lib/ruby/1.9.1/test/unit/testcase.rb:17:in `run'
C:/Ruby193/lib/ruby/1.9.1/minitest/unit.rb:787:in `block in _run_suite'
C:/Ruby193/lib/ruby/1.9.1/minitest/unit.rb:780:in `map'
C:/Ruby193/lib/ruby/1.9.1/minitest/unit.rb:780:in `_run_suite'
C:/Ruby193/lib/ruby/1.9.1/test/unit.rb:565:in `block in _run_suites'
C:/Ruby193/lib/ruby/1.9.1/test/unit.rb:563:in `each'
C:/Ruby193/lib/ruby/1.9.1/test/unit.rb:563:in `_run_suites'
C:/Ruby193/lib/ruby/1.9.1/minitest/unit.rb:746:in `_run_anything'
C:/Ruby193/lib/ruby/1.9.1/minitest/unit.rb:909:in `run_tests'
C:/Ruby193/lib/ruby/1.9.1/minitest/unit.rb:896:in `block in _run'
C:/Ruby193/lib/ruby/1.9.1/minitest/unit.rb:895:in `each'
C:/Ruby193/lib/ruby/1.9.1/minitest/unit.rb:895:in `_run'
C:/Ruby193/lib/ruby/1.9.1/minitest/unit.rb:884:in `run'
C:/Ruby193/lib/ruby/1.9.1/test/unit.rb:21:in `run'
C:/Ruby193/lib/ruby/1.9.1/test/unit.rb:326:in `block (2 levels) in autorun'
C:/Ruby193/lib/ruby/1.9.1/test/unit.rb:27:in `run_once'
C:/Ruby193/lib/ruby/1.9.1/test/unit.rb:325:in `block in autorun'
I, [2012-01-10T07:07:09.793953 #1208]  INFO -- : Login with username: test and pwd: invalid
E, [2012-01-10T07:07:10.586636 #1208] ERROR -- : unable to locate element, using {:id=>"usernameTextBox", :tag_name=>"input or textarea", :type=>"(any text type)"} (Watir::Exception::UnknownObjectException)
C:/Ruby193/lib/ruby/gems/1.9.1/gems/watir-webdriver-0.4.1/lib/watir-webdriver/elements/element.rb:262:in `assert_exists'
C:/Ruby193/lib/ruby/gems/1.9.1/gems/watir-webdriver-0.4.1/lib/watir-webdriver/elements/text_field.rb:13:in `set'
D:/EdgeWeb/EdgeWebPATs/Pages/Pages.Login.rb:12:in `login_click'
D:/EdgeWeb/EdgeWebPATs/PATs/Login/PAT.Login.rb:56:in `test_03_login'
C:/Ruby193/lib/ruby/1.9.1/minitest/unit.rb:949:in `run'
C:/Ruby193/lib/ruby/1.9.1/test/unit/testcase.rb:17:in `run'
C:/Ruby193/lib/ruby/1.9.1/minitest/unit.rb:787:in `block in _run_suite'
C:/Ruby193/lib/ruby/1.9.1/minitest/unit.rb:780:in `map'
C:/Ruby193/lib/ruby/1.9.1/minitest/unit.rb:780:in `_run_suite'
C:/Ruby193/lib/ruby/1.9.1/test/unit.rb:565:in `block in _run_suites'
C:/Ruby193/lib/ruby/1.9.1/test/unit.rb:563:in `each'
C:/Ruby193/lib/ruby/1.9.1/test/unit.rb:563:in `_run_suites'
C:/Ruby193/lib/ruby/1.9.1/minitest/unit.rb:746:in `_run_anything'
C:/Ruby193/lib/ruby/1.9.1/minitest/unit.rb:909:in `run_tests'
C:/Ruby193/lib/ruby/1.9.1/minitest/unit.rb:896:in `block in _run'
C:/Ruby193/lib/ruby/1.9.1/minitest/unit.rb:895:in `each'
C:/Ruby193/lib/ruby/1.9.1/minitest/unit.rb:895:in `_run'
C:/Ruby193/lib/ruby/1.9.1/minitest/unit.rb:884:in `run'
C:/Ruby193/lib/ruby/1.9.1/test/unit.rb:21:in `run'
C:/Ruby193/lib/ruby/1.9.1/test/unit.rb:326:in `block (2 levels) in autorun'
C:/Ruby193/lib/ruby/1.9.1/test/unit.rb:27:in `run_once'
C:/Ruby193/lib/ruby/1.9.1/test/unit.rb:325:in `block in autorun'
I, [2012-01-10T07:07:10.698591 #1208]  INFO -- : Login with username: tringuyen and pwd: test
E, [2012-01-10T07:07:11.493273 #1208] ERROR -- : unable to locate element, using {:id=>"usernameTextBox", :tag_name=>"input or textarea", :type=>"(any text type)"} (Watir::Exception::UnknownObjectException)
C:/Ruby193/lib/ruby/gems/1.9.1/gems/watir-webdriver-0.4.1/lib/watir-webdriver/elements/element.rb:262:in `assert_exists'
C:/Ruby193/lib/ruby/gems/1.9.1/gems/watir-webdriver-0.4.1/lib/watir-webdriver/elements/text_field.rb:13:in `set'
D:/EdgeWeb/EdgeWebPATs/Pages/Pages.Login.rb:12:in `login_click'
D:/EdgeWeb/EdgeWebPATs/PATs/Login/PAT.Login.rb:68:in `test_04_login'
C:/Ruby193/lib/ruby/1.9.1/minitest/unit.rb:949:in `run'
C:/Ruby193/lib/ruby/1.9.1/test/unit/testcase.rb:17:in `run'
C:/Ruby193/lib/ruby/1.9.1/minitest/unit.rb:787:in `block in _run_suite'
C:/Ruby193/lib/ruby/1.9.1/minitest/unit.rb:780:in `map'
C:/Ruby193/lib/ruby/1.9.1/minitest/unit.rb:780:in `_run_suite'
C:/Ruby193/lib/ruby/1.9.1/test/unit.rb:565:in `block in _run_suites'
C:/Ruby193/lib/ruby/1.9.1/test/unit.rb:563:in `each'
C:/Ruby193/lib/ruby/1.9.1/test/unit.rb:563:in `_run_suites'
C:/Ruby193/lib/ruby/1.9.1/minitest/unit.rb:746:in `_run_anything'
C:/Ruby193/lib/ruby/1.9.1/minitest/unit.rb:909:in `run_tests'
C:/Ruby193/lib/ruby/1.9.1/minitest/unit.rb:896:in `block in _run'
C:/Ruby193/lib/ruby/1.9.1/minitest/unit.rb:895:in `each'
C:/Ruby193/lib/ruby/1.9.1/minitest/unit.rb:895:in `_run'
C:/Ruby193/lib/ruby/1.9.1/minitest/unit.rb:884:in `run'
C:/Ruby193/lib/ruby/1.9.1/test/unit.rb:21:in `run'
C:/Ruby193/lib/ruby/1.9.1/test/unit.rb:326:in `block (2 levels) in autorun'
C:/Ruby193/lib/ruby/1.9.1/test/unit.rb:27:in `run_once'
C:/Ruby193/lib/ruby/1.9.1/test/unit.rb:325:in `block in autorun'
I, [2012-01-10T07:07:11.600230 #1208]  INFO -- : Login with username: test and pwd: test
E, [2012-01-10T07:07:12.393912 #1208] ERROR -- : unable to locate element, using {:id=>"usernameTextBox", :tag_name=>"input or textarea", :type=>"(any text type)"} (Watir::Exception::UnknownObjectException)
C:/Ruby193/lib/ruby/gems/1.9.1/gems/watir-webdriver-0.4.1/lib/watir-webdriver/elements/element.rb:262:in `assert_exists'
C:/Ruby193/lib/ruby/gems/1.9.1/gems/watir-webdriver-0.4.1/lib/watir-webdriver/elements/text_field.rb:13:in `set'
D:/EdgeWeb/EdgeWebPATs/Pages/Pages.Login.rb:12:in `login_click'
D:/EdgeWeb/EdgeWebPATs/PATs/Login/PAT.Login.rb:80:in `test_05_login'
C:/Ruby193/lib/ruby/1.9.1/minitest/unit.rb:949:in `run'
C:/Ruby193/lib/ruby/1.9.1/test/unit/testcase.rb:17:in `run'
C:/Ruby193/lib/ruby/1.9.1/minitest/unit.rb:787:in `block in _run_suite'
C:/Ruby193/lib/ruby/1.9.1/minitest/unit.rb:780:in `map'
C:/Ruby193/lib/ruby/1.9.1/minitest/unit.rb:780:in `_run_suite'
C:/Ruby193/lib/ruby/1.9.1/test/unit.rb:565:in `block in _run_suites'
C:/Ruby193/lib/ruby/1.9.1/test/unit.rb:563:in `each'
C:/Ruby193/lib/ruby/1.9.1/test/unit.rb:563:in `_run_suites'
C:/Ruby193/lib/ruby/1.9.1/minitest/unit.rb:746:in `_run_anything'
C:/Ruby193/lib/ruby/1.9.1/minitest/unit.rb:909:in `run_tests'
C:/Ruby193/lib/ruby/1.9.1/minitest/unit.rb:896:in `block in _run'
C:/Ruby193/lib/ruby/1.9.1/minitest/unit.rb:895:in `each'
C:/Ruby193/lib/ruby/1.9.1/minitest/unit.rb:895:in `_run'
C:/Ruby193/lib/ruby/1.9.1/minitest/unit.rb:884:in `run'
C:/Ruby193/lib/ruby/1.9.1/test/unit.rb:21:in `run'
C:/Ruby193/lib/ruby/1.9.1/test/unit.rb:326:in `block (2 levels) in autorun'
C:/Ruby193/lib/ruby/1.9.1/test/unit.rb:27:in `run_once'
C:/Ruby193/lib/ruby/1.9.1/test/unit.rb:325:in `block in autorun'
