# Logfile created on 2011-12-22 00:00:31 +0700 by logger.rb/31641
I, [2011-12-22T00:00:37.566735 #1880]  INFO -- ["test_login_validaccount_true"]: Open DH site
I, [2011-12-22T00:04:55.091954 #1880]  INFO -- : Login with username: QAPerson01 and pwd: SIDEKICK
E, [2011-12-22T00:04:58.673744 #1880] ERROR -- : Chrome did not respond to 'WaitForAllTabsToStopLoading'. Elapsed time was 0 ms. Request details: ({"command":"WaitForAllTabsToStopLoading"}). (Selenium::WebDriver::Error::UnknownError)
C:/Ruby193/lib/ruby/gems/1.9.1/gems/selenium-webdriver-2.15.0/lib/selenium/webdriver/remote/response.rb:50:in `assert_ok'
C:/Ruby193/lib/ruby/gems/1.9.1/gems/selenium-webdriver-2.15.0/lib/selenium/webdriver/remote/response.rb:15:in `initialize'
C:/Ruby193/lib/ruby/gems/1.9.1/gems/selenium-webdriver-2.15.0/lib/selenium/webdriver/remote/http/common.rb:58:in `new'
C:/Ruby193/lib/ruby/gems/1.9.1/gems/selenium-webdriver-2.15.0/lib/selenium/webdriver/remote/http/common.rb:58:in `create_response'
C:/Ruby193/lib/ruby/gems/1.9.1/gems/selenium-webdriver-2.15.0/lib/selenium/webdriver/remote/http/default.rb:64:in `request'
C:/Ruby193/lib/ruby/gems/1.9.1/gems/selenium-webdriver-2.15.0/lib/selenium/webdriver/remote/http/common.rb:39:in `call'
C:/Ruby193/lib/ruby/gems/1.9.1/gems/selenium-webdriver-2.15.0/lib/selenium/webdriver/remote/bridge.rb:450:in `raw_execute'
C:/Ruby193/lib/ruby/gems/1.9.1/gems/selenium-webdriver-2.15.0/lib/selenium/webdriver/remote/bridge.rb:428:in `execute'
C:/Ruby193/lib/ruby/gems/1.9.1/gems/selenium-webdriver-2.15.0/lib/selenium/webdriver/remote/bridge.rb:155:in `getTitle'
C:/Ruby193/lib/ruby/gems/1.9.1/gems/selenium-webdriver-2.15.0/lib/selenium/webdriver/common/driver.rb:126:in `title'
C:/Ruby193/lib/ruby/gems/1.9.1/gems/watir-webdriver-0.4.1/lib/watir-webdriver/browser.rb:80:in `title'
E:/Study/Watir Training/PracticeFramWork/Pages/Pages.SystemCompatibility.rb:8:in `loaded?'
E:/Study/Watir Training/PracticeFramWork/Pages/Pages.Login.rb:45:in `block in login_as'
C:/Ruby193/lib/ruby/gems/1.9.1/gems/watir-webdriver-0.4.1/lib/watir-webdriver/wait.rb:19:in `until'
E:/Study/Watir Training/PracticeFramWork/Pages/Pages.Login.rb:45:in `rescue in login_as'
E:/Study/Watir Training/PracticeFramWork/Pages/Pages.Login.rb:39:in `login_as'
E:/Study/Watir Training/PracticeFramWork/PATs/Login/PAT.Login.rb:39:in `test_login_validaccount_true'
C:/Ruby193/lib/ruby/1.9.1/minitest/unit.rb:949:in `run'
C:/Ruby193/lib/ruby/1.9.1/test/unit/testcase.rb:17:in `run'
C:/Ruby193/lib/ruby/1.9.1/minitest/unit.rb:787:in `block in _run_suite'
C:/Ruby193/lib/ruby/1.9.1/minitest/unit.rb:780:in `map'
C:/Ruby193/lib/ruby/1.9.1/minitest/unit.rb:780:in `_run_suite'
C:/Ruby193/lib/ruby/1.9.1/test/unit.rb:565:in `block in _run_suites'
C:/Ruby193/lib/ruby/1.9.1/test/unit.rb:563:in `each'
C:/Ruby193/lib/ruby/1.9.1/test/unit.rb:563:in `_run_suites'
C:/Ruby193/lib/ruby/1.9.1/minitest/unit.rb:746:in `_run_anything'
C:/Ruby193/lib/ruby/1.9.1/minitest/unit.rb:909:in `run_tests'
C:/Ruby193/lib/ruby/1.9.1/minitest/unit.rb:896:in `block in _run'
C:/Ruby193/lib/ruby/1.9.1/minitest/unit.rb:895:in `each'
C:/Ruby193/lib/ruby/1.9.1/minitest/unit.rb:895:in `_run'
C:/Ruby193/lib/ruby/1.9.1/minitest/unit.rb:884:in `run'
C:/Ruby193/lib/ruby/1.9.1/test/unit.rb:21:in `run'
C:/Ruby193/lib/ruby/1.9.1/test/unit.rb:326:in `block (2 levels) in autorun'
C:/Ruby193/lib/ruby/1.9.1/test/unit.rb:27:in `run_once'
C:/Ruby193/lib/ruby/1.9.1/test/unit.rb:325:in `block in autorun'
C:/Ruby193/lib/ruby/gems/1.9.1/gems/ruby-debug-ide-0.4.17.beta8/lib/ruby-debug-ide.rb:127:in `debug_load'
C:/Ruby193/lib/ruby/gems/1.9.1/gems/ruby-debug-ide-0.4.17.beta8/lib/ruby-debug-ide.rb:127:in `debug_program'
C:/Ruby193/lib/ruby/gems/1.9.1/gems/ruby-debug-ide-0.4.17.beta8/bin/rdebug-ide:95:in `<top (required)>'
-e:1:in `load'
-e:1:in `<main>'
I, [2011-12-22T00:05:54.807588 #6456]  INFO -- ["test_login_validaccount_true"]: Open DH site
I, [2011-12-22T00:06:36.474207 #6456]  INFO -- : Login with username: QAPerson01 and pwd: SIDEKICK
E, [2011-12-22T00:08:46.059947 #6456] ERROR -- : Chrome did not respond to 'WaitForAllTabsToStopLoading'. Elapsed time was 0 ms. Request details: ({"command":"WaitForAllTabsToStopLoading"}). (Selenium::WebDriver::Error::UnknownError)
C:/Ruby193/lib/ruby/gems/1.9.1/gems/selenium-webdriver-2.15.0/lib/selenium/webdriver/remote/response.rb:50:in `assert_ok'
C:/Ruby193/lib/ruby/gems/1.9.1/gems/selenium-webdriver-2.15.0/lib/selenium/webdriver/remote/response.rb:15:in `initialize'
C:/Ruby193/lib/ruby/gems/1.9.1/gems/selenium-webdriver-2.15.0/lib/selenium/webdriver/remote/http/common.rb:58:in `new'
C:/Ruby193/lib/ruby/gems/1.9.1/gems/selenium-webdriver-2.15.0/lib/selenium/webdriver/remote/http/common.rb:58:in `create_response'
C:/Ruby193/lib/ruby/gems/1.9.1/gems/selenium-webdriver-2.15.0/lib/selenium/webdriver/remote/http/default.rb:64:in `request'
C:/Ruby193/lib/ruby/gems/1.9.1/gems/selenium-webdriver-2.15.0/lib/selenium/webdriver/remote/http/common.rb:39:in `call'
C:/Ruby193/lib/ruby/gems/1.9.1/gems/selenium-webdriver-2.15.0/lib/selenium/webdriver/remote/bridge.rb:450:in `raw_execute'
C:/Ruby193/lib/ruby/gems/1.9.1/gems/selenium-webdriver-2.15.0/lib/selenium/webdriver/remote/bridge.rb:428:in `execute'
C:/Ruby193/lib/ruby/gems/1.9.1/gems/selenium-webdriver-2.15.0/lib/selenium/webdriver/remote/bridge.rb:155:in `getTitle'
C:/Ruby193/lib/ruby/gems/1.9.1/gems/selenium-webdriver-2.15.0/lib/selenium/webdriver/common/driver.rb:126:in `title'
C:/Ruby193/lib/ruby/gems/1.9.1/gems/watir-webdriver-0.4.1/lib/watir-webdriver/browser.rb:80:in `title'
E:/Study/Watir Training/PracticeFramWork/Pages/Pages.SystemCompatibility.rb:8:in `loaded?'
E:/Study/Watir Training/PracticeFramWork/Pages/Pages.Login.rb:45:in `block in login_as'
C:/Ruby193/lib/ruby/gems/1.9.1/gems/watir-webdriver-0.4.1/lib/watir-webdriver/wait.rb:19:in `until'
E:/Study/Watir Training/PracticeFramWork/Pages/Pages.Login.rb:45:in `rescue in login_as'
E:/Study/Watir Training/PracticeFramWork/Pages/Pages.Login.rb:39:in `login_as'
E:/Study/Watir Training/PracticeFramWork/PATs/Login/PAT.Login.rb:39:in `test_login_validaccount_true'
C:/Ruby193/lib/ruby/1.9.1/minitest/unit.rb:949:in `run'
C:/Ruby193/lib/ruby/1.9.1/test/unit/testcase.rb:17:in `run'
C:/Ruby193/lib/ruby/1.9.1/minitest/unit.rb:787:in `block in _run_suite'
C:/Ruby193/lib/ruby/1.9.1/minitest/unit.rb:780:in `map'
C:/Ruby193/lib/ruby/1.9.1/minitest/unit.rb:780:in `_run_suite'
C:/Ruby193/lib/ruby/1.9.1/test/unit.rb:565:in `block in _run_suites'
C:/Ruby193/lib/ruby/1.9.1/test/unit.rb:563:in `each'
C:/Ruby193/lib/ruby/1.9.1/test/unit.rb:563:in `_run_suites'
C:/Ruby193/lib/ruby/1.9.1/minitest/unit.rb:746:in `_run_anything'
C:/Ruby193/lib/ruby/1.9.1/minitest/unit.rb:909:in `run_tests'
C:/Ruby193/lib/ruby/1.9.1/minitest/unit.rb:896:in `block in _run'
C:/Ruby193/lib/ruby/1.9.1/minitest/unit.rb:895:in `each'
C:/Ruby193/lib/ruby/1.9.1/minitest/unit.rb:895:in `_run'
C:/Ruby193/lib/ruby/1.9.1/minitest/unit.rb:884:in `run'
C:/Ruby193/lib/ruby/1.9.1/test/unit.rb:21:in `run'
C:/Ruby193/lib/ruby/1.9.1/test/unit.rb:326:in `block (2 levels) in autorun'
C:/Ruby193/lib/ruby/1.9.1/test/unit.rb:27:in `run_once'
C:/Ruby193/lib/ruby/1.9.1/test/unit.rb:325:in `block in autorun'
C:/Ruby193/lib/ruby/gems/1.9.1/gems/ruby-debug-ide-0.4.17.beta8/lib/ruby-debug-ide.rb:127:in `debug_load'
C:/Ruby193/lib/ruby/gems/1.9.1/gems/ruby-debug-ide-0.4.17.beta8/lib/ruby-debug-ide.rb:127:in `debug_program'
C:/Ruby193/lib/ruby/gems/1.9.1/gems/ruby-debug-ide-0.4.17.beta8/bin/rdebug-ide:95:in `<top (required)>'
-e:1:in `load'
-e:1:in `<main>'
I, [2011-12-22T00:09:06.441287 #5876]  INFO -- ["test_login_validaccount_true"]: Open DH site
I, [2011-12-22T00:10:14.058629 #5876]  INFO -- : Login with username: QAPerson01 and pwd: SIDEKICK
I, [2011-12-22T07:01:49.287398 #8032]  INFO -- ["test_login_validaccount_true"]: Open DH site
I, [2011-12-22T07:02:07.241806 #8032]  INFO -- : Login with username: QAPerson01 and pwd: SIDEKICK
E, [2011-12-22T08:05:05.846685 #8032] ERROR -- : Chrome did not respond to 'WaitForAllTabsToStopLoading'. Elapsed time was 1 ms. Request details: ({"command":"WaitForAllTabsToStopLoading"}). (Selenium::WebDriver::Error::UnknownError)
C:/Ruby193/lib/ruby/gems/1.9.1/gems/selenium-webdriver-2.15.0/lib/selenium/webdriver/remote/response.rb:50:in `assert_ok'
C:/Ruby193/lib/ruby/gems/1.9.1/gems/selenium-webdriver-2.15.0/lib/selenium/webdriver/remote/response.rb:15:in `initialize'
C:/Ruby193/lib/ruby/gems/1.9.1/gems/selenium-webdriver-2.15.0/lib/selenium/webdriver/remote/http/common.rb:58:in `new'
C:/Ruby193/lib/ruby/gems/1.9.1/gems/selenium-webdriver-2.15.0/lib/selenium/webdriver/remote/http/common.rb:58:in `create_response'
C:/Ruby193/lib/ruby/gems/1.9.1/gems/selenium-webdriver-2.15.0/lib/selenium/webdriver/remote/http/default.rb:64:in `request'
C:/Ruby193/lib/ruby/gems/1.9.1/gems/selenium-webdriver-2.15.0/lib/selenium/webdriver/remote/http/common.rb:39:in `call'
C:/Ruby193/lib/ruby/gems/1.9.1/gems/selenium-webdriver-2.15.0/lib/selenium/webdriver/remote/bridge.rb:450:in `raw_execute'
C:/Ruby193/lib/ruby/gems/1.9.1/gems/selenium-webdriver-2.15.0/lib/selenium/webdriver/remote/bridge.rb:428:in `execute'
C:/Ruby193/lib/ruby/gems/1.9.1/gems/selenium-webdriver-2.15.0/lib/selenium/webdriver/remote/bridge.rb:179:in `switchToDefaultContent'
C:/Ruby193/lib/ruby/gems/1.9.1/gems/selenium-webdriver-2.15.0/lib/selenium/webdriver/common/target_locator.rb:68:in `default_content'
C:/Ruby193/lib/ruby/gems/1.9.1/gems/watir-webdriver-0.4.1/lib/watir-webdriver/browser.rb:161:in `assert_exists'
C:/Ruby193/lib/ruby/gems/1.9.1/gems/watir-webdriver-0.4.1/lib/watir-webdriver/elements/text_field.rb:44:in `locate'
C:/Ruby193/lib/ruby/gems/1.9.1/gems/watir-webdriver-0.4.1/lib/watir-webdriver/elements/element.rb:259:in `assert_exists'
C:/Ruby193/lib/ruby/gems/1.9.1/gems/watir-webdriver-0.4.1/lib/watir-webdriver/elements/text_field.rb:13:in `set'
E:/Study/Watir Training/PracticeFramWork/Pages/Pages.Login.rb:34:in `login_as'
E:/Study/Watir Training/PracticeFramWork/PATs/Login/PAT.Login.rb:39:in `test_login_validaccount_true'
C:/Ruby193/lib/ruby/1.9.1/minitest/unit.rb:949:in `run'
C:/Ruby193/lib/ruby/1.9.1/test/unit/testcase.rb:17:in `run'
C:/Ruby193/lib/ruby/1.9.1/minitest/unit.rb:787:in `block in _run_suite'
C:/Ruby193/lib/ruby/1.9.1/minitest/unit.rb:780:in `map'
C:/Ruby193/lib/ruby/1.9.1/minitest/unit.rb:780:in `_run_suite'
C:/Ruby193/lib/ruby/1.9.1/test/unit.rb:565:in `block in _run_suites'
C:/Ruby193/lib/ruby/1.9.1/test/unit.rb:563:in `each'
C:/Ruby193/lib/ruby/1.9.1/test/unit.rb:563:in `_run_suites'
C:/Ruby193/lib/ruby/1.9.1/minitest/unit.rb:746:in `_run_anything'
C:/Ruby193/lib/ruby/1.9.1/minitest/unit.rb:909:in `run_tests'
C:/Ruby193/lib/ruby/1.9.1/minitest/unit.rb:896:in `block in _run'
C:/Ruby193/lib/ruby/1.9.1/minitest/unit.rb:895:in `each'
C:/Ruby193/lib/ruby/1.9.1/minitest/unit.rb:895:in `_run'
C:/Ruby193/lib/ruby/1.9.1/minitest/unit.rb:884:in `run'
C:/Ruby193/lib/ruby/1.9.1/test/unit.rb:21:in `run'
C:/Ruby193/lib/ruby/1.9.1/test/unit.rb:326:in `block (2 levels) in autorun'
C:/Ruby193/lib/ruby/1.9.1/test/unit.rb:27:in `run_once'
C:/Ruby193/lib/ruby/1.9.1/test/unit.rb:325:in `block in autorun'
C:/Ruby193/lib/ruby/gems/1.9.1/gems/ruby-debug-ide-0.4.17.beta8/lib/ruby-debug-ide.rb:127:in `debug_load'
C:/Ruby193/lib/ruby/gems/1.9.1/gems/ruby-debug-ide-0.4.17.beta8/lib/ruby-debug-ide.rb:127:in `debug_program'
C:/Ruby193/lib/ruby/gems/1.9.1/gems/ruby-debug-ide-0.4.17.beta8/bin/rdebug-ide:95:in `<top (required)>'
-e:1:in `load'
-e:1:in `<main>'
