# Logfile created on 2011-12-21 23:50:22 +0700 by logger.rb/31641
I, [2011-12-21T23:51:17.267879 #4388]  INFO -- ["test_login_validaccount_true"]: Open DH site
I, [2011-12-21T23:51:17.740906 #4388]  INFO -- : Login with username: QAPerson01 and pwd: SIDEKICK
E, [2011-12-21T23:51:17.874913 #4388] ERROR -- : unable to locate element, using {:id=>"txtUsername", :tag_name=>"input or textarea", :type=>"(any text type)"} (Watir::Exception::UnknownObjectException)
C:/Ruby193/lib/ruby/gems/1.9.1/gems/watir-webdriver-0.4.1/lib/watir-webdriver/elements/element.rb:262:in `assert_exists'
C:/Ruby193/lib/ruby/gems/1.9.1/gems/watir-webdriver-0.4.1/lib/watir-webdriver/elements/text_field.rb:13:in `set'
E:/Study/Watir Training/PracticeFramWork/Pages/Pages.Login.rb:34:in `login_as'
E:/Study/Watir Training/PracticeFramWork/PATs/Login/PAT.Login.rb:39:in `test_login_validaccount_true'
C:/Ruby193/lib/ruby/1.9.1/minitest/unit.rb:949:in `run'
C:/Ruby193/lib/ruby/1.9.1/test/unit/testcase.rb:17:in `run'
C:/Ruby193/lib/ruby/1.9.1/minitest/unit.rb:787:in `block in _run_suite'
C:/Ruby193/lib/ruby/1.9.1/minitest/unit.rb:780:in `map'
C:/Ruby193/lib/ruby/1.9.1/minitest/unit.rb:780:in `_run_suite'
C:/Ruby193/lib/ruby/1.9.1/test/unit.rb:565:in `block in _run_suites'
C:/Ruby193/lib/ruby/1.9.1/test/unit.rb:563:in `each'
C:/Ruby193/lib/ruby/1.9.1/test/unit.rb:563:in `_run_suites'
C:/Ruby193/lib/ruby/1.9.1/minitest/unit.rb:746:in `_run_anything'
C:/Ruby193/lib/ruby/1.9.1/minitest/unit.rb:909:in `run_tests'
C:/Ruby193/lib/ruby/1.9.1/minitest/unit.rb:896:in `block in _run'
C:/Ruby193/lib/ruby/1.9.1/minitest/unit.rb:895:in `each'
C:/Ruby193/lib/ruby/1.9.1/minitest/unit.rb:895:in `_run'
C:/Ruby193/lib/ruby/1.9.1/minitest/unit.rb:884:in `run'
C:/Ruby193/lib/ruby/1.9.1/test/unit.rb:21:in `run'
C:/Ruby193/lib/ruby/1.9.1/test/unit.rb:326:in `block (2 levels) in autorun'
C:/Ruby193/lib/ruby/1.9.1/test/unit.rb:27:in `run_once'
C:/Ruby193/lib/ruby/1.9.1/test/unit.rb:325:in `block in autorun'
I, [2011-12-21T23:52:28.356766 #7360]  INFO -- ["test_login_validaccount_true"]: Open DH site
I, [2011-12-21T23:52:36.187055 #7360]  INFO -- : Login with username: QAPerson01 and pwd: SIDEKICK
I, [2011-12-21T23:56:12.397773 #5464]  INFO -- ["test_login_validaccount_true"]: Open DH site
I, [2011-12-21T23:56:19.104154 #5464]  INFO -- : Login with username: QAPerson01 and pwd: SIDEKICK
E, [2011-12-21T23:56:29.984818 #5464] ERROR -- : Chrome did not respond to 'WaitForAllTabsToStopLoading'. Elapsed time was 0 ms. Request details: ({"command":"WaitForAllTabsToStopLoading"}). (Selenium::WebDriver::Error::UnknownError)
C:/Ruby193/lib/ruby/gems/1.9.1/gems/selenium-webdriver-2.15.0/lib/selenium/webdriver/remote/response.rb:50:in `assert_ok'
C:/Ruby193/lib/ruby/gems/1.9.1/gems/selenium-webdriver-2.15.0/lib/selenium/webdriver/remote/response.rb:15:in `initialize'
C:/Ruby193/lib/ruby/gems/1.9.1/gems/selenium-webdriver-2.15.0/lib/selenium/webdriver/remote/http/common.rb:58:in `new'
C:/Ruby193/lib/ruby/gems/1.9.1/gems/selenium-webdriver-2.15.0/lib/selenium/webdriver/remote/http/common.rb:58:in `create_response'
C:/Ruby193/lib/ruby/gems/1.9.1/gems/selenium-webdriver-2.15.0/lib/selenium/webdriver/remote/http/default.rb:64:in `request'
C:/Ruby193/lib/ruby/gems/1.9.1/gems/selenium-webdriver-2.15.0/lib/selenium/webdriver/remote/http/common.rb:39:in `call'
C:/Ruby193/lib/ruby/gems/1.9.1/gems/selenium-webdriver-2.15.0/lib/selenium/webdriver/remote/bridge.rb:450:in `raw_execute'
C:/Ruby193/lib/ruby/gems/1.9.1/gems/selenium-webdriver-2.15.0/lib/selenium/webdriver/remote/bridge.rb:428:in `execute'
C:/Ruby193/lib/ruby/gems/1.9.1/gems/selenium-webdriver-2.15.0/lib/selenium/webdriver/remote/bridge.rb:155:in `getTitle'
C:/Ruby193/lib/ruby/gems/1.9.1/gems/selenium-webdriver-2.15.0/lib/selenium/webdriver/common/driver.rb:126:in `title'
C:/Ruby193/lib/ruby/gems/1.9.1/gems/watir-webdriver-0.4.1/lib/watir-webdriver/browser.rb:80:in `title'
E:/Study/Watir Training/PracticeFramWork/Pages/Pages.SystemCompatibility.rb:8:in `loaded?'
E:/Study/Watir Training/PracticeFramWork/Pages/Pages.Login.rb:45:in `block in login_as'
C:/Ruby193/lib/ruby/gems/1.9.1/gems/watir-webdriver-0.4.1/lib/watir-webdriver/wait.rb:19:in `until'
E:/Study/Watir Training/PracticeFramWork/Pages/Pages.Login.rb:45:in `rescue in login_as'
E:/Study/Watir Training/PracticeFramWork/Pages/Pages.Login.rb:39:in `login_as'
E:/Study/Watir Training/PracticeFramWork/PATs/Login/PAT.Login.rb:39:in `test_login_validaccount_true'
C:/Ruby193/lib/ruby/1.9.1/minitest/unit.rb:949:in `run'
C:/Ruby193/lib/ruby/1.9.1/test/unit/testcase.rb:17:in `run'
C:/Ruby193/lib/ruby/1.9.1/minitest/unit.rb:787:in `block in _run_suite'
C:/Ruby193/lib/ruby/1.9.1/minitest/unit.rb:780:in `map'
C:/Ruby193/lib/ruby/1.9.1/minitest/unit.rb:780:in `_run_suite'
C:/Ruby193/lib/ruby/1.9.1/test/unit.rb:565:in `block in _run_suites'
C:/Ruby193/lib/ruby/1.9.1/test/unit.rb:563:in `each'
C:/Ruby193/lib/ruby/1.9.1/test/unit.rb:563:in `_run_suites'
C:/Ruby193/lib/ruby/1.9.1/minitest/unit.rb:746:in `_run_anything'
C:/Ruby193/lib/ruby/1.9.1/minitest/unit.rb:909:in `run_tests'
C:/Ruby193/lib/ruby/1.9.1/minitest/unit.rb:896:in `block in _run'
C:/Ruby193/lib/ruby/1.9.1/minitest/unit.rb:895:in `each'
C:/Ruby193/lib/ruby/1.9.1/minitest/unit.rb:895:in `_run'
C:/Ruby193/lib/ruby/1.9.1/minitest/unit.rb:884:in `run'
C:/Ruby193/lib/ruby/1.9.1/test/unit.rb:21:in `run'
C:/Ruby193/lib/ruby/1.9.1/test/unit.rb:326:in `block (2 levels) in autorun'
C:/Ruby193/lib/ruby/1.9.1/test/unit.rb:27:in `run_once'
C:/Ruby193/lib/ruby/1.9.1/test/unit.rb:325:in `block in autorun'
C:/Ruby193/lib/ruby/gems/1.9.1/gems/ruby-debug-ide-0.4.17.beta8/lib/ruby-debug-ide.rb:127:in `debug_load'
C:/Ruby193/lib/ruby/gems/1.9.1/gems/ruby-debug-ide-0.4.17.beta8/lib/ruby-debug-ide.rb:127:in `debug_program'
C:/Ruby193/lib/ruby/gems/1.9.1/gems/ruby-debug-ide-0.4.17.beta8/bin/rdebug-ide:95:in `<top (required)>'
-e:1:in `load'
-e:1:in `<main>'
